{"meta": {"format": 3, "version": "7.14.3", "timestamp": "2026-09-10T12:32:38.433306", "branch_coverage": false, "show_contexts": false}, "files": {"src\\__init__.py": {"executed_lines": [], "summary": {"covered_lines": 0, "num_statements": 0, "percent_covered": 100.0, "percent_covered_display": "100", "missing_lines": 0, "excluded_lines": 0, "percent_statements_covered": 100.0, "percent_statements_covered_display": "100"}, "missing_lines": [], "excluded_lines": [], "functions": {"": {"executed_lines": [], "summary": {"covered_lines": 0, "num_statements": 0, "percent_covered": 100.0, "percent_covered_display": "100", "missing_lines": 0, "excluded_lines": 0, "percent_statements_covered": 100.0, "percent_statements_covered_display": "100"}, "missing_lines": [], "excluded_lines": [], "start_line": 1}}, "classes": {"": {"executed_lines": [], "summary": {"covered_lines": 0, "num_statements": 0, "percent_covered": 100.0, "percent_covered_display": "100", "missing_lines": 0, "excluded_lines": 0, "percent_statements_covered": 100.0, "percent_statements_covered_display": "100"}, "missing_lines": [], "excluded_lines": [], "start_line": 1}}}, "src\\bot.py": {"executed_lines": [1, 2, 3, 5, 6, 7, 8, 10, 12, 15, 16, 62, 63, 64, 65, 66, 67, 68, 74, 75, 76, 78, 83, 87, 88, 89, 90, 91, 95, 96, 97, 98, 99, 100, 103, 105, 140], "summary": {"covered_lines": 37, "num_statements": 104, "percent_covered": 35.57692307692308, "percent_covered_display": "36", "missing_lines": 67, "excluded_lines": 0, "percent_statements_covered": 35.57692307692308, "percent_statements_covered_display": "36"}, "missing_lines": [17, 18, 19, 20, 22, 23, 24, 26, 27, 30, 31, 32, 33, 34, 35, 36, 37, 38, 42, 43, 44, 45, 46, 54, 56, 57, 58, 59, 79, 80, 81, 84, 85, 101, 102, 106, 107, 108, 109, 110, 111, 112, 113, 114, 115, 119, 120, 121, 122, 123, 132, 134, 135, 136, 137, 138, 141, 142, 143, 144, 145, 146, 147, 151, 152, 153, 155], "excluded_lines": [], "functions": {"BlacklistCheckTree.interaction_check": {"executed_lines": [], "summary": {"covered_lines": 0, "num_statements": 28, "percent_covered": 0.0, "percent_covered_display": "0", "missing_lines": 28, "excluded_lines": 0, "percent_statements_covered": 0.0, "percent_statements_covered_display": "0"}, "missing_lines": [17, 18, 19, 20, 22, 23, 24, 26, 27, 30, 31, 32, 33, 34, 35, 36, 37, 38, 42, 43, 44, 45, 46, 54, 56, 57, 58, 59], "excluded_lines": [], "start_line": 16}, "Bot.__init__": {"executed_lines": [64, 65, 66, 67, 68, 74, 75, 76], "summary": {"covered_lines": 8, "num_statements": 8, "percent_covered": 100.0, "percent_covered_display": "100", "missing_lines": 0, "excluded_lines": 0, "percent_statements_covered": 100.0, "percent_statements_covered_display": "100"}, "missing_lines": [], "excluded_lines": [], "start_line": 63}, "Bot.setup_hook": {"executed_lines": [], "summary": {"covered_lines": 0, "num_statements": 3, "percent_covered": 0.0, "percent_covered_display": "0", "missing_lines": 3, "excluded_lines": 0, "percent_statements_covered": 0.0, "percent_statements_covered_display": "0"}, "missing_lines": [79, 80, 81], "excluded_lines": [], "start_line": 78}, "Bot.close": {"executed_lines": [], "summary": {"covered_lines": 0, "num_statements": 2, "percent_covered": 0.0, "percent_covered_display": "0", "missing_lines": 2, "excluded_lines": 0, "percent_statements_covered": 0.0, "percent_statements_covered_display": "0"}, "missing_lines": [84, 85], "excluded_lines": [], "start_line": 83}, "Bot.load_cogs": {"executed_lines": [88, 89, 90, 91, 95, 96, 97, 98, 99, 100, 103], "summary": {"covered_lines": 11, "num_statements": 13, "percent_covered": 84.61538461538461, "percent_covered_display": "85", "missing_lines": 2, "excluded_lines": 0, "percent_statements_covered": 84.61538461538461, "percent_statements_covered_display": "85"}, "missing_lines": [101, 102], "excluded_lines": [], "start_line": 87}, "Bot.on_message": {"executed_lines": [], "summary": {"covered_lines": 0, "num_statements": 21, "percent_covered": 0.0, "percent_covered_display": "0", "missing_lines": 21, "excluded_lines": 0, "percent_statements_covered": 0.0, "percent_statements_covered_display": "0"}, "missing_lines": [106, 107, 108, 109, 110, 111, 112, 113, 114, 115, 119, 120, 121, 122, 123, 132, 134, 135, 136, 137, 138], "excluded_lines": [], "start_line": 105}, "Bot.on_member_join": {"executed_lines": [], "summary": {"covered_lines": 0, "num_statements": 11, "percent_covered": 0.0, "percent_covered_display": "0", "missing_lines": 11, "excluded_lines": 0, "percent_statements_covered": 0.0, "percent_statements_covered_display": "0"}, "missing_lines": [141, 142, 143, 144, 145, 146, 147, 151, 152, 153, 155], "excluded_lines": [], "start_line": 140}, "": {"executed_lines": [1, 2, 3, 5, 6, 7, 8, 10, 12, 15, 16, 62, 63, 78, 83, 87, 105, 140], "summary": {"covered_lines": 18, "num_statements": 18, "percent_covered": 100.0, "percent_covered_display": "100", "missing_lines": 0, "excluded_lines": 0, "percent_statements_covered": 100.0, "percent_statements_covered_display": "100"}, "missing_lines": [], "excluded_lines": [], "start_line": 1}}, "classes": {"BlacklistCheckTree": {"executed_lines": [], "summary": {"covered_lines": 0, "num_statements": 28, "percent_covered": 0.0, "percent_covered_display": "0", "missing_lines": 28, "excluded_lines": 0, "percent_statements_covered": 0.0, "percent_statements_covered_display": "0"}, "missing_lines": [17, 18, 19, 20, 22, 23, 24, 26, 27, 30, 31, 32, 33, 34, 35, 36, 37, 38, 42, 43, 44, 45, 46, 54, 56, 57, 58, 59], "excluded_lines": [], "start_line": 15}, "Bot": {"executed_lines": [64, 65, 66, 67, 68, 74, 75, 76, 88, 89, 90, 91, 95, 96, 97, 98, 99, 100, 103], "summary": {"covered_lines": 19, "num_statements": 58, "percent_covered": 32.758620689655174, "percent_covered_display": "33", "missing_lines": 39, "excluded_lines": 0, "percent_statements_covered": 32.758620689655174, "percent_statements_covered_display": "33"}, "missing_lines": [79, 80, 81, 84, 85, 101, 102, 106, 107, 108, 109, 110, 111, 112, 113, 114, 115, 119, 120, 121, 122, 123, 132, 134, 135, 136, 137, 138, 141, 142, 143, 144, 145, 146, 147, 151, 152, 153, 155], "excluded_lines": [], "start_line": 62}, "": {"executed_lines": [1, 2, 3, 5, 6, 7, 8, 10, 12, 15, 16, 62, 63, 78, 83, 87, 105, 140], "summary": {"covered_lines": 18, "num_statements": 18, "percent_covered": 100.0, "percent_covered_display": "100", "missing_lines": 0, "excluded_lines": 0, "percent_statements_covered": 100.0, "percent_statements_covered_display": "100"}, "missing_lines": [], "excluded_lines": [], "start_line": 1}}}, "src\\bot_types\\__init__.py": {"executed_lines": [], "summary": {"covered_lines": 0, "num_statements": 0, "percent_covered": 100.0, "percent_covered_display": "100", "missing_lines": 0, "excluded_lines": 0, "percent_statements_covered": 100.0, "percent_statements_covered_display": "100"}, "missing_lines": [], "excluded_lines": [], "functions": {"": {"executed_lines": [], "summary": {"covered_lines": 0, "num_statements": 0, "percent_covered": 100.0, "percent_covered_display": "100", "missing_lines": 0, "excluded_lines": 0, "percent_statements_covered": 100.0, "percent_statements_covered_display": "100"}, "missing_lines": [], "excluded_lines": [], "start_line": 1}}, "classes": {"": {"executed_lines": [], "summary": {"covered_lines": 0, "num_statements": 0, "percent_covered": 100.0, "percent_covered_display": "100", "missing_lines": 0, "excluded_lines": 0, "percent_statements_covered": 100.0, "percent_statements_covered_display": "100"}, "missing_lines": [], "excluded_lines": [], "start_line": 1}}}, "src\\bot_types\\bot_types.py": {"executed_lines": [], "summary": {"covered_lines": 0, "num_statements": 13, "percent_covered": 0.0, "percent_covered_display": "0", "missing_lines": 13, "excluded_lines": 0, "percent_statements_covered": 0.0, "percent_statements_covered_display": "0"}, "missing_lines": [3, 5, 8, 9, 12, 13, 16, 17, 20, 23, 24, 27, 30], "excluded_lines": [], "functions": {"": {"executed_lines": [], "summary": {"covered_lines": 0, "num_statements": 13, "percent_covered": 0.0, "percent_covered_display": "0", "missing_lines": 13, "excluded_lines": 0, "percent_statements_covered": 0.0, "percent_statements_covered_display": "0"}, "missing_lines": [3, 5, 8, 9, 12, 13, 16, 17, 20, 23, 24, 27, 30], "excluded_lines": [], "start_line": 1}}, "classes": {"": {"executed_lines": [], "summary": {"covered_lines": 0, "num_statements": 13, "percent_covered": 0.0, "percent_covered_display": "0", "missing_lines": 13, "excluded_lines": 0, "percent_statements_covered": 0.0, "percent_statements_covered_display": "0"}, "missing_lines": [3, 5, 8, 9, 12, 13, 16, 17, 20, 23, 24, 27, 30], "excluded_lines": [], "start_line": 1}}}, "src\\cogs\\__init__.py": {"executed_lines": [], "summary": {"covered_lines": 0, "num_statements": 0, "percent_covered": 100.0, "percent_covered_display": "100", "missing_lines": 0, "excluded_lines": 0, "percent_statements_covered": 100.0, "percent_statements_covered_display": "100"}, "missing_lines": [], "excluded_lines": [], "functions": {"": {"executed_lines": [], "summary": {"covered_lines": 0, "num_statements": 0, "percent_covered": 100.0, "percent_covered_display": "100", "missing_lines": 0, "excluded_lines": 0, "percent_statements_covered": 100.0, "percent_statements_covered_display": "100"}, "missing_lines": [], "excluded_lines": [], "start_line": 1}}, "classes": {"": {"executed_lines": [], "summary": {"covered_lines": 0, "num_statements": 0, "percent_covered": 100.0, "percent_covered_display": "100", "missing_lines": 0, "excluded_lines": 0, "percent_statements_covered": 100.0, "percent_statements_covered_display": "100"}, "missing_lines": [], "excluded_lines": [], "start_line": 1}}}, "src\\cogs\\core\\__init__.py": {"executed_lines": [], "summary": {"covered_lines": 0, "num_statements": 0, "percent_covered": 100.0, "percent_covered_display": "100", "missing_lines": 0, "excluded_lines": 0, "percent_statements_covered": 100.0, "percent_statements_covered_display": "100"}, "missing_lines": [], "excluded_lines": [], "functions": {"": {"executed_lines": [], "summary": {"covered_lines": 0, "num_statements": 0, "percent_covered": 100.0, "percent_covered_display": "100", "missing_lines": 0, "excluded_lines": 0, "percent_statements_covered": 100.0, "percent_statements_covered_display": "100"}, "missing_lines": [], "excluded_lines": [], "start_line": 1}}, "classes": {"": {"executed_lines": [], "summary": {"covered_lines": 0, "num_statements": 0, "percent_covered": 100.0, "percent_covered_display": "100", "missing_lines": 0, "excluded_lines": 0, "percent_statements_covered": 100.0, "percent_statements_covered_display": "100"}, "missing_lines": [], "excluded_lines": [], "start_line": 1}}}, "src\\cogs\\core\\admin.py": {"executed_lines": [1, 2, 3, 5, 6, 7, 8, 9, 10, 11, 12, 13, 14, 15, 18, 19, 20, 21, 24, 25, 26, 27, 28, 29, 30, 31, 34, 261, 264, 269, 270, 288, 305, 306, 317, 355, 366, 369, 370, 372, 391, 392, 393, 394, 395, 409, 410, 411, 412, 440, 441, 442, 443, 471, 472, 475, 476, 507, 508, 509, 510, 531, 532, 540, 542], "summary": {"covered_lines": 65, "num_statements": 180, "percent_covered": 36.111111111111114, "percent_covered_display": "36", "missing_lines": 115, "excluded_lines": 0, "percent_statements_covered": 36.111111111111114, "percent_statements_covered_display": "36"}, "missing_lines": [265, 266, 271, 272, 281, 289, 290, 293, 295, 300, 301, 302, 307, 308, 309, 310, 313, 314, 315, 318, 319, 321, 326, 327, 338, 340, 341, 344, 346, 347, 348, 351, 353, 356, 357, 358, 360, 361, 362, 363, 375, 376, 377, 380, 385, 386, 387, 389, 397, 398, 399, 401, 402, 403, 405, 406, 407, 414, 415, 416, 418, 419, 420, 422, 423, 427, 429, 430, 431, 436, 437, 438, 445, 446, 447, 449, 450, 451, 453, 454, 458, 460, 461, 462, 467, 468, 469, 484, 485, 486, 488, 489, 490, 492, 493, 494, 496, 497, 498, 503, 504, 505, 512, 513, 514, 516, 522, 523, 524, 525, 526, 534, 535, 536, 537], "excluded_lines": [], "functions": {"_help_markdown": {"executed_lines": [], "summary": {"covered_lines": 0, "num_statements": 2, "percent_covered": 0.0, "percent_covered_display": "0", "missing_lines": 2, "excluded_lines": 0, "percent_statements_covered": 0.0, "percent_statements_covered_display": "0"}, "missing_lines": [265, 266], "excluded_lines": [], "start_line": 264}, "HelpCategorySelect.__init__": {"executed_lines": [], "summary": {"covered_lines": 0, "num_statements": 3, "percent_covered": 0.0, "percent_covered_display": "0", "missing_lines": 3, "excluded_lines": 0, "percent_statements_covered": 0.0, "percent_statements_covered_display": "0"}, "missing_lines": [271, 272, 281], "excluded_lines": [], "start_line": 270}, "HelpCategorySelect.callback": {"executed_lines": [], "summary": {"covered_lines": 0, "num_statements": 7, "percent_covered": 0.0, "percent_covered_display": "0", "missing_lines": 7, "excluded_lines": 0, "percent_statements_covered": 0.0, "percent_statements_covered_display": "0"}, "missing_lines": [289, 290, 293, 295, 300, 301, 302], "excluded_lines": [], "start_line": 288}, "HelpLayoutView.__init__": {"executed_lines": [], "summary": {"covered_lines": 0, "num_statements": 7, "percent_covered": 0.0, "percent_covered_display": "0", "missing_lines": 7, "excluded_lines": 0, "percent_statements_covered": 0.0, "percent_statements_covered_display": "0"}, "missing_lines": [307, 308, 309, 310, 313, 314, 315], "excluded_lines": [], "start_line": 306}, "HelpLayoutView._build": {"executed_lines": [], "summary": {"covered_lines": 0, "num_statements": 14, "percent_covered": 0.0, "percent_covered_display": "0", "missing_lines": 14, "excluded_lines": 0, "percent_statements_covered": 0.0, "percent_statements_covered_display": "0"}, "missing_lines": [318, 319, 321, 326, 327, 338, 340, 341, 344, 346, 347, 348, 351, 353], "excluded_lines": [], "start_line": 317}, "HelpLayoutView.on_timeout": {"executed_lines": [], "summary": {"covered_lines": 0, "num_statements": 7, "percent_covered": 0.0, "percent_covered_display": "0", "missing_lines": 7, "excluded_lines": 0, "percent_statements_covered": 0.0, "percent_statements_covered_display": "0"}, "missing_lines": [356, 357, 358, 360, 361, 362, 363], "excluded_lines": [], "start_line": 355}, "Admin.__init__": {"executed_lines": [370], "summary": {"covered_lines": 1, "num_statements": 1, "percent_covered": 100.0, "percent_covered_display": "100", "missing_lines": 0, "excluded_lines": 0, "percent_statements_covered": 100.0, "percent_statements_covered_display": "100"}, "missing_lines": [], "excluded_lines": [], "start_line": 369}, "Admin.is_blacklisted_check": {"executed_lines": [], "summary": {"covered_lines": 0, "num_statements": 2, "percent_covered": 0.0, "percent_covered_display": "0", "missing_lines": 2, "excluded_lines": 0, "percent_statements_covered": 0.0, "percent_statements_covered_display": "0"}, "missing_lines": [375, 389], "excluded_lines": [], "start_line": 372}, "Admin.is_blacklisted_check.predicate": {"executed_lines": [], "summary": {"covered_lines": 0, "num_statements": 6, "percent_covered": 0.0, "percent_covered_display": "0", "missing_lines": 6, "excluded_lines": 0, "percent_statements_covered": 0.0, "percent_statements_covered_display": "0"}, "missing_lines": [376, 377, 380, 385, 386, 387], "excluded_lines": [], "start_line": 375}, "Admin.clear": {"executed_lines": [], "summary": {"covered_lines": 0, "num_statements": 9, "percent_covered": 0.0, "percent_covered_display": "0", "missing_lines": 9, "excluded_lines": 0, "percent_statements_covered": 0.0, "percent_statements_covered_display": "0"}, "missing_lines": [397, 398, 399, 401, 402, 403, 405, 406, 407], "excluded_lines": [], "start_line": 395}, "Admin.kick": {"executed_lines": [], "summary": {"covered_lines": 0, "num_statements": 15, "percent_covered": 0.0, "percent_covered_display": "0", "missing_lines": 15, "excluded_lines": 0, "percent_statements_covered": 0.0, "percent_statements_covered_display": "0"}, "missing_lines": [414, 415, 416, 418, 419, 420, 422, 423, 427, 429, 430, 431, 436, 437, 438], "excluded_lines": [], "start_line": 412}, "Admin.ban": {"executed_lines": [], "summary": {"covered_lines": 0, "num_statements": 15, "percent_covered": 0.0, "percent_covered_display": "0", "missing_lines": 15, "excluded_lines": 0, "percent_statements_covered": 0.0, "percent_statements_covered_display": "0"}, "missing_lines": [445, 446, 447, 449, 450, 451, 453, 454, 458, 460, 461, 462, 467, 468, 469], "excluded_lines": [], "start_line": 443}, "Admin.mute": {"executed_lines": [], "summary": {"covered_lines": 0, "num_statements": 15, "percent_covered": 0.0, "percent_covered_display": "0", "missing_lines": 15, "excluded_lines": 0, "percent_statements_covered": 0.0, "percent_statements_covered_display": "0"}, "missing_lines": [484, 485, 486, 488, 489, 490, 492, 493, 494, 496, 497, 498, 503, 504, 505], "excluded_lines": [], "start_line": 476}, "Admin.warn": {"executed_lines": [], "summary": {"covered_lines": 0, "num_statements": 9, "percent_covered": 0.0, "percent_covered_display": "0", "missing_lines": 9, "excluded_lines": 0, "percent_statements_covered": 0.0, "percent_statements_covered_display": "0"}, "missing_lines": [512, 513, 514, 516, 522, 523, 524, 525, 526], "excluded_lines": [], "start_line": 510}, "Admin.help_command": {"executed_lines": [], "summary": {"covered_lines": 0, "num_statements": 4, "percent_covered": 0.0, "percent_covered_display": "0", "missing_lines": 4, "excluded_lines": 0, "percent_statements_covered": 0.0, "percent_statements_covered_display": "0"}, "missing_lines": [534, 535, 536, 537], "excluded_lines": [], "start_line": 532}, "setup": {"executed_lines": [542], "summary": {"covered_lines": 1, "num_statements": 1, "percent_covered": 100.0, "percent_covered_display": "100", "missing_lines": 0, "excluded_lines": 0, "percent_statements_covered": 100.0, "percent_statements_covered_display": "100"}, "missing_lines": [], "excluded_lines": [], "start_line": 540}, "": {"executed_lines": [1, 2, 3, 5, 6, 7, 8, 9, 10, 11, 12, 13, 14, 15, 18, 19, 20, 21, 24, 25, 26, 27, 28, 29, 30, 31, 34, 261, 264, 269, 270, 288, 305, 306, 317, 355, 366, 369, 372, 391, 392, 393, 394, 395, 409, 410, 411, 412, 440, 441, 442, 443, 471, 472, 475, 476, 507, 508, 509, 510, 531, 532, 540], "summary": {"covered_lines": 63, "num_statements": 63, "percent_covered": 100.0, "percent_covered_display": "100", "missing_lines": 0, "excluded_lines": 0, "percent_statements_covered": 100.0, "percent_statements_covered_display": "100"}, "missing_lines": [], "excluded_lines": [], "start_line": 1}}, "classes": {"HelpBlock": {"executed_lines": [], "summary": {"covered_lines": 0, "num_statements": 0, "percent_covered": 100.0, "percent_covered_display": "100", "missing_lines": 0, "excluded_lines": 0, "percent_statements_covered": 100.0, "percent_statements_covered_display": "100"}, "missing_lines": [], "excluded_lines": [], "start_line": 19}, "HelpCategory": {"executed_lines": [], "summary": {"covered_lines": 0, "num_statements": 0, "percent_covered": 100.0, "percent_covered_display": "100", "missing_lines": 0, "excluded_lines": 0, "percent_statements_covered": 100.0, "percent_statements_covered_display": "100"}, "missing_lines": [], "excluded_lines": [], "start_line": 25}, "HelpCategorySelect": {"executed_lines": [], "summary": {"covered_lines": 0, "num_statements": 10, "percent_covered": 0.0, "percent_covered_display": "0", "missing_lines": 10, "excluded_lines": 0, "percent_statements_covered": 0.0, "percent_statements_covered_display": "0"}, "missing_lines": [271, 272, 281, 289, 290, 293, 295, 300, 301, 302], "excluded_lines": [], "start_line": 269}, "HelpLayoutView": {"executed_lines": [], "summary": {"covered_lines": 0, "num_statements": 28, "percent_covered": 0.0, "percent_covered_display": "0", "missing_lines": 28, "excluded_lines": 0, "percent_statements_covered": 0.0, "percent_statements_covered_display": "0"}, "missing_lines": [307, 308, 309, 310, 313, 314, 315, 318, 319, 321, 326, 327, 338, 340, 341, 344, 346, 347, 348, 351, 353, 356, 357, 358, 360, 361, 362, 363], "excluded_lines": [], "start_line": 305}, "Admin": {"executed_lines": [370], "summary": {"covered_lines": 1, "num_statements": 76, "percent_covered": 1.3157894736842106, "percent_covered_display": "1", "missing_lines": 75, "excluded_lines": 0, "percent_statements_covered": 1.3157894736842106, "percent_statements_covered_display": "1"}, "missing_lines": [375, 376, 377, 380, 385, 386, 387, 389, 397, 398, 399, 401, 402, 403, 405, 406, 407, 414, 415, 416, 418, 419, 420, 422, 423, 427, 429, 430, 431, 436, 437, 438, 445, 446, 447, 449, 450, 451, 453, 454, 458, 460, 461, 462, 467, 468, 469, 484, 485, 486, 488, 489, 490, 492, 493, 494, 496, 497, 498, 503, 504, 505, 512, 513, 514, 516, 522, 523, 524, 525, 526, 534, 535, 536, 537], "excluded_lines": [], "start_line": 366}, "": {"executed_lines": [1, 2, 3, 5, 6, 7, 8, 9, 10, 11, 12, 13, 14, 15, 18, 19, 20, 21, 24, 25, 26, 27, 28, 29, 30, 31, 34, 261, 264, 269, 270, 288, 305, 306, 317, 355, 366, 369, 372, 391, 392, 393, 394, 395, 409, 410, 411, 412, 440, 441, 442, 443, 471, 472, 475, 476, 507, 508, 509, 510, 531, 532, 540, 542], "summary": {"covered_lines": 64, "num_statements": 66, "percent_covered": 96.96969696969697, "percent_covered_display": "97", "missing_lines": 2, "excluded_lines": 0, "percent_statements_covered": 96.96969696969697, "percent_statements_covered_display": "97"}, "missing_lines": [265, 266], "excluded_lines": [], "start_line": 1}}}, "src\\cogs\\core\\audit_log.py": {"executed_lines": [1, 3, 4, 6, 7, 8, 9, 12, 15, 16, 17, 19, 35, 36, 67, 68, 121, 122, 208, 209, 291, 303, 304, 328, 329, 353, 354, 444, 446], "summary": {"covered_lines": 29, "num_statements": 178, "percent_covered": 16.292134831460675, "percent_covered_display": "16", "missing_lines": 149, "excluded_lines": 0, "percent_statements_covered": 16.292134831460675, "percent_statements_covered_display": "16"}, "missing_lines": [21, 22, 23, 24, 25, 26, 27, 28, 29, 30, 31, 38, 39, 41, 46, 51, 56, 61, 62, 63, 65, 70, 71, 74, 75, 78, 79, 80, 81, 82, 84, 85, 87, 89, 94, 101, 104, 105, 107, 108, 113, 114, 115, 117, 129, 130, 132, 135, 136, 141, 146, 151, 152, 153, 156, 157, 162, 167, 172, 173, 174, 177, 182, 187, 192, 197, 202, 203, 204, 211, 212, 214, 217, 218, 219, 221, 222, 223, 228, 233, 234, 239, 240, 242, 243, 244, 249, 254, 255, 260, 261, 264, 265, 270, 275, 280, 285, 286, 287, 293, 301, 306, 311, 316, 321, 322, 323, 324, 326, 331, 336, 341, 346, 347, 348, 349, 351, 360, 363, 364, 367, 368, 369, 370, 373, 376, 377, 378, 379, 381, 382, 390, 391, 400, 403, 404, 412, 413, 414, 415, 417, 418, 420, 425, 431, 432, 438, 439, 441], "excluded_lines": [], "functions": {"AuditLog.__init__": {"executed_lines": [16, 17], "summary": {"covered_lines": 2, "num_statements": 2, "percent_covered": 100.0, "percent_covered_display": "100", "missing_lines": 0, "excluded_lines": 0, "percent_statements_covered": 100.0, "percent_statements_covered_display": "100"}, "missing_lines": [], "excluded_lines": [], "start_line": 15}, "AuditLog.send_log_embed": {"executed_lines": [], "summary": {"covered_lines": 0, "num_statements": 11, "percent_covered": 0.0, "percent_covered_display": "0", "missing_lines": 11, "excluded_lines": 0, "percent_statements_covered": 0.0, "percent_statements_covered_display": "0"}, "missing_lines": [21, 22, 23, 24, 25, 26, 27, 28, 29, 30, 31], "excluded_lines": [], "start_line": 19}, "AuditLog.on_member_join": {"executed_lines": [], "summary": {"covered_lines": 0, "num_statements": 10, "percent_covered": 0.0, "percent_covered_display": "0", "missing_lines": 10, "excluded_lines": 0, "percent_statements_covered": 0.0, "percent_statements_covered_display": "0"}, "missing_lines": [38, 39, 41, 46, 51, 56, 61, 62, 63, 65], "excluded_lines": [], "start_line": 36}, "AuditLog.on_member_remove": {"executed_lines": [], "summary": {"covered_lines": 0, "num_statements": 23, "percent_covered": 0.0, "percent_covered_display": "0", "missing_lines": 23, "excluded_lines": 0, "percent_statements_covered": 0.0, "percent_statements_covered_display": "0"}, "missing_lines": [70, 71, 74, 75, 78, 79, 80, 81, 82, 84, 85, 87, 89, 94, 101, 104, 105, 107, 108, 113, 114, 115, 117], "excluded_lines": [], "start_line": 68}, "AuditLog.on_voice_state_update": {"executed_lines": [], "summary": {"covered_lines": 0, "num_statements": 25, "percent_covered": 0.0, "percent_covered_display": "0", "missing_lines": 25, "excluded_lines": 0, "percent_statements_covered": 0.0, "percent_statements_covered_display": "0"}, "missing_lines": [129, 130, 132, 135, 136, 141, 146, 151, 152, 153, 156, 157, 162, 167, 172, 173, 174, 177, 182, 187, 192, 197, 202, 203, 204], "excluded_lines": [], "start_line": 122}, "AuditLog.on_member_update": {"executed_lines": [], "summary": {"covered_lines": 0, "num_statements": 30, "percent_covered": 0.0, "percent_covered_display": "0", "missing_lines": 30, "excluded_lines": 0, "percent_statements_covered": 0.0, "percent_statements_covered_display": "0"}, "missing_lines": [211, 212, 214, 217, 218, 219, 221, 222, 223, 228, 233, 234, 239, 240, 242, 243, 244, 249, 254, 255, 260, 261, 264, 265, 270, 275, 280, 285, 286, 287], "excluded_lines": [], "start_line": 209}, "AuditLog._channel_type_name": {"executed_lines": [], "summary": {"covered_lines": 0, "num_statements": 2, "percent_covered": 0.0, "percent_covered_display": "0", "missing_lines": 2, "excluded_lines": 0, "percent_statements_covered": 0.0, "percent_statements_covered_display": "0"}, "missing_lines": [293, 301], "excluded_lines": [], "start_line": 291}, "AuditLog.on_guild_channel_create": {"executed_lines": [], "summary": {"covered_lines": 0, "num_statements": 8, "percent_covered": 0.0, "percent_covered_display": "0", "missing_lines": 8, "excluded_lines": 0, "percent_statements_covered": 0.0, "percent_statements_covered_display": "0"}, "missing_lines": [306, 311, 316, 321, 322, 323, 324, 326], "excluded_lines": [], "start_line": 304}, "AuditLog.on_guild_channel_delete": {"executed_lines": [], "summary": {"covered_lines": 0, "num_statements": 8, "percent_covered": 0.0, "percent_covered_display": "0", "missing_lines": 8, "excluded_lines": 0, "percent_statements_covered": 0.0, "percent_statements_covered_display": "0"}, "missing_lines": [331, 336, 341, 346, 347, 348, 349, 351], "excluded_lines": [], "start_line": 329}, "AuditLog.on_guild_channel_update": {"executed_lines": [], "summary": {"covered_lines": 0, "num_statements": 32, "percent_covered": 0.0, "percent_covered_display": "0", "missing_lines": 32, "excluded_lines": 0, "percent_statements_covered": 0.0, "percent_statements_covered_display": "0"}, "missing_lines": [360, 363, 364, 367, 368, 369, 370, 373, 376, 377, 378, 379, 381, 382, 390, 391, 400, 403, 404, 412, 413, 414, 415, 417, 418, 420, 425, 431, 432, 438, 439, 441], "excluded_lines": [], "start_line": 354}, "setup": {"executed_lines": [446], "summary": {"covered_lines": 1, "num_statements": 1, "percent_covered": 100.0, "percent_covered_display": "100", "missing_lines": 0, "excluded_lines": 0, "percent_statements_covered": 100.0, "percent_statements_covered_display": "100"}, "missing_lines": [], "excluded_lines": [], "start_line": 444}, "": {"executed_lines": [1, 3, 4, 6, 7, 8, 9, 12, 15, 19, 35, 36, 67, 68, 121, 122, 208, 209, 291, 303, 304, 328, 329, 353, 354, 444], "summary": {"covered_lines": 26, "num_statements": 26, "percent_covered": 100.0, "percent_covered_display": "100", "missing_lines": 0, "excluded_lines": 0, "percent_statements_covered": 100.0, "percent_statements_covered_display": "100"}, "missing_lines": [], "excluded_lines": [], "start_line": 1}}, "classes": {"AuditLog": {"executed_lines": [16, 17], "summary": {"covered_lines": 2, "num_statements": 151, "percent_covered": 1.3245033112582782, "percent_covered_display": "1", "missing_lines": 149, "excluded_lines": 0, "percent_statements_covered": 1.3245033112582782, "percent_statements_covered_display": "1"}, "missing_lines": [21, 22, 23, 24, 25, 26, 27, 28, 29, 30, 31, 38, 39, 41, 46, 51, 56, 61, 62, 63, 65, 70, 71, 74, 75, 78, 79, 80, 81, 82, 84, 85, 87, 89, 94, 101, 104, 105, 107, 108, 113, 114, 115, 117, 129, 130, 132, 135, 136, 141, 146, 151, 152, 153, 156, 157, 162, 167, 172, 173, 174, 177, 182, 187, 192, 197, 202, 203, 204, 211, 212, 214, 217, 218, 219, 221, 222, 223, 228, 233, 234, 239, 240, 242, 243, 244, 249, 254, 255, 260, 261, 264, 265, 270, 275, 280, 285, 286, 287, 293, 301, 306, 311, 316, 321, 322, 323, 324, 326, 331, 336, 341, 346, 347, 348, 349, 351, 360, 363, 364, 367, 368, 369, 370, 373, 376, 377, 378, 379, 381, 382, 390, 391, 400, 403, 404, 412, 413, 414, 415, 417, 418, 420, 425, 431, 432, 438, 439, 441], "excluded_lines": [], "start_line": 12}, "": {"executed_lines": [1, 3, 4, 6, 7, 8, 9, 12, 15, 19, 35, 36, 67, 68, 121, 122, 208, 209, 291, 303, 304, 328, 329, 353, 354, 444, 446], "summary": {"covered_lines": 27, "num_statements": 27, "percent_covered": 100.0, "percent_covered_display": "100", "missing_lines": 0, "excluded_lines": 0, "percent_statements_covered": 100.0, "percent_statements_covered_display": "100"}, "missing_lines": [], "excluded_lines": [], "start_line": 1}}}, "src\\cogs\\core\\blacklist.py": {"executed_lines": [1, 2, 4, 5, 6, 7, 9, 10, 11, 13, 19, 22, 30, 35, 74, 77, 82, 85, 96, 99, 132, 135, 139, 144, 185, 188, 189, 191, 192, 198, 199, 230, 231, 273, 278, 279, 280, 286, 315, 316, 317, 336, 337, 368, 369, 370, 421, 422], "summary": {"covered_lines": 48, "num_statements": 204, "percent_covered": 23.529411764705884, "percent_covered_display": "24", "missing_lines": 156, "excluded_lines": 0, "percent_statements_covered": 23.529411764705884, "percent_statements_covered_display": "24"}, "missing_lines": [31, 32, 33, 37, 38, 40, 45, 46, 47, 48, 49, 52, 54, 60, 61, 62, 67, 68, 78, 79, 80, 87, 88, 91, 92, 101, 102, 105, 107, 108, 110, 111, 112, 113, 114, 115, 117, 122, 123, 124, 125, 126, 136, 137, 146, 147, 149, 151, 152, 155, 156, 157, 160, 161, 162, 165, 168, 169, 170, 171, 172, 173, 174, 175, 177, 194, 201, 202, 204, 206, 207, 210, 211, 212, 215, 217, 218, 219, 220, 221, 222, 223, 224, 226, 233, 234, 236, 237, 240, 242, 243, 249, 253, 254, 257, 258, 262, 263, 264, 265, 269, 294, 295, 298, 300, 301, 305, 310, 311, 312, 313, 319, 320, 323, 325, 326, 327, 330, 332, 339, 340, 343, 345, 346, 347, 350, 352, 357, 361, 362, 363, 364, 365, 366, 372, 373, 376, 378, 379, 380, 381, 382, 383, 385, 391, 392, 398, 399, 401, 402, 407, 408, 410, 411, 412, 418], "excluded_lines": [], "functions": {"AppealAcceptModal.__init__": {"executed_lines": [], "summary": {"covered_lines": 0, "num_statements": 3, "percent_covered": 0.0, "percent_covered_display": "0", "missing_lines": 3, "excluded_lines": 0, "percent_statements_covered": 0.0, "percent_statements_covered_display": "0"}, "missing_lines": [31, 32, 33], "excluded_lines": [], "start_line": 30}, "AppealAcceptModal.on_submit": {"executed_lines": [], "summary": {"covered_lines": 0, "num_statements": 15, "percent_covered": 0.0, "percent_covered_display": "0", "missing_lines": 15, "excluded_lines": 0, "percent_statements_covered": 0.0, "percent_statements_covered_display": "0"}, "missing_lines": [37, 38, 40, 45, 46, 47, 48, 49, 52, 54, 60, 61, 62, 67, 68], "excluded_lines": [], "start_line": 35}, "AppealReviewView.__init__": {"executed_lines": [], "summary": {"covered_lines": 0, "num_statements": 3, "percent_covered": 0.0, "percent_covered_display": "0", "missing_lines": 3, "excluded_lines": 0, "percent_statements_covered": 0.0, "percent_statements_covered_display": "0"}, "missing_lines": [78, 79, 80], "excluded_lines": [], "start_line": 77}, "AppealReviewView.accept_button": {"executed_lines": [], "summary": {"covered_lines": 0, "num_statements": 4, "percent_covered": 0.0, "percent_covered_display": "0", "missing_lines": 4, "excluded_lines": 0, "percent_statements_covered": 0.0, "percent_statements_covered_display": "0"}, "missing_lines": [87, 88, 91, 92], "excluded_lines": [], "start_line": 85}, "AppealReviewView.reject_button": {"executed_lines": [], "summary": {"covered_lines": 0, "num_statements": 17, "percent_covered": 0.0, "percent_covered_display": "0", "missing_lines": 17, "excluded_lines": 0, "percent_statements_covered": 0.0, "percent_statements_covered_display": "0"}, "missing_lines": [101, 102, 105, 107, 108, 110, 111, 112, 113, 114, 115, 117, 122, 123, 124, 125, 126], "excluded_lines": [], "start_line": 99}, "BlockedNoticeView.__init__": {"executed_lines": [], "summary": {"covered_lines": 0, "num_statements": 2, "percent_covered": 0.0, "percent_covered_display": "0", "missing_lines": 2, "excluded_lines": 0, "percent_statements_covered": 0.0, "percent_statements_covered_display": "0"}, "missing_lines": [136, 137], "excluded_lines": [], "start_line": 135}, "BlockedNoticeView.appeal_button": {"executed_lines": [], "summary": {"covered_lines": 0, "num_statements": 21, "percent_covered": 0.0, "percent_covered_display": "0", "missing_lines": 21, "excluded_lines": 0, "percent_statements_covered": 0.0, "percent_statements_covered_display": "0"}, "missing_lines": [146, 147, 149, 151, 152, 155, 156, 157, 160, 161, 162, 165, 168, 169, 170, 171, 172, 173, 174, 175, 177], "excluded_lines": [], "start_line": 144}, "Blacklist.__init__": {"executed_lines": [189], "summary": {"covered_lines": 1, "num_statements": 1, "percent_covered": 100.0, "percent_covered_display": "100", "missing_lines": 0, "excluded_lines": 0, "percent_statements_covered": 100.0, "percent_statements_covered_display": "100"}, "missing_lines": [], "excluded_lines": [], "start_line": 188}, "Blacklist.on_ready": {"executed_lines": [], "summary": {"covered_lines": 0, "num_statements": 1, "percent_covered": 0.0, "percent_covered_display": "0", "missing_lines": 1, "excluded_lines": 0, "percent_statements_covered": 0.0, "percent_statements_covered_display": "0"}, "missing_lines": [194], "excluded_lines": [], "start_line": 192}, "Blacklist.appeal": {"executed_lines": [], "summary": {"covered_lines": 0, "num_statements": 18, "percent_covered": 0.0, "percent_covered_display": "0", "missing_lines": 18, "excluded_lines": 0, "percent_statements_covered": 0.0, "percent_statements_covered_display": "0"}, "missing_lines": [201, 202, 204, 206, 207, 210, 211, 212, 215, 217, 218, 219, 220, 221, 222, 223, 224, 226], "excluded_lines": [], "start_line": 199}, "Blacklist.appeal_status": {"executed_lines": [], "summary": {"covered_lines": 0, "num_statements": 17, "percent_covered": 0.0, "percent_covered_display": "0", "missing_lines": 17, "excluded_lines": 0, "percent_statements_covered": 0.0, "percent_statements_covered_display": "0"}, "missing_lines": [233, 234, 236, 237, 240, 242, 243, 249, 253, 254, 257, 258, 262, 263, 264, 265, 269], "excluded_lines": [], "start_line": 231}, "Blacklist.bl_add": {"executed_lines": [], "summary": {"covered_lines": 0, "num_statements": 10, "percent_covered": 0.0, "percent_covered_display": "0", "missing_lines": 10, "excluded_lines": 0, "percent_statements_covered": 0.0, "percent_statements_covered_display": "0"}, "missing_lines": [294, 295, 298, 300, 301, 305, 310, 311, 312, 313], "excluded_lines": [], "start_line": 286}, "Blacklist.bl_remove": {"executed_lines": [], "summary": {"covered_lines": 0, "num_statements": 8, "percent_covered": 0.0, "percent_covered_display": "0", "missing_lines": 8, "excluded_lines": 0, "percent_statements_covered": 0.0, "percent_statements_covered_display": "0"}, "missing_lines": [319, 320, 323, 325, 326, 327, 330, 332], "excluded_lines": [], "start_line": 317}, "Blacklist.bl_list": {"executed_lines": [], "summary": {"covered_lines": 0, "num_statements": 15, "percent_covered": 0.0, "percent_covered_display": "0", "missing_lines": 15, "excluded_lines": 0, "percent_statements_covered": 0.0, "percent_statements_covered_display": "0"}, "missing_lines": [339, 340, 343, 345, 346, 347, 350, 352, 357, 361, 362, 363, 364, 365, 366], "excluded_lines": [], "start_line": 337}, "Blacklist.bl_info": {"executed_lines": [], "summary": {"covered_lines": 0, "num_statements": 22, "percent_covered": 0.0, "percent_covered_display": "0", "missing_lines": 22, "excluded_lines": 0, "percent_statements_covered": 0.0, "percent_statements_covered_display": "0"}, "missing_lines": [372, 373, 376, 378, 379, 380, 381, 382, 383, 385, 391, 392, 398, 399, 401, 402, 407, 408, 410, 411, 412, 418], "excluded_lines": [], "start_line": 370}, "setup": {"executed_lines": [422], "summary": {"covered_lines": 1, "num_statements": 1, "percent_covered": 100.0, "percent_covered_display": "100", "missing_lines": 0, "excluded_lines": 0, "percent_statements_covered": 100.0, "percent_statements_covered_display": "100"}, "missing_lines": [], "excluded_lines": [], "start_line": 421}, "": {"executed_lines": [1, 2, 4, 5, 6, 7, 9, 10, 11, 13, 19, 22, 30, 35, 74, 77, 82, 85, 96, 99, 132, 135, 139, 144, 185, 188, 191, 192, 198, 199, 230, 231, 273, 278, 279, 280, 286, 315, 316, 317, 336, 337, 368, 369, 370, 421], "summary": {"covered_lines": 46, "num_statements": 46, "percent_covered": 100.0, "percent_covered_display": "100", "missing_lines": 0, "excluded_lines": 0, "percent_statements_covered": 100.0, "percent_statements_covered_display": "100"}, "missing_lines": [], "excluded_lines": [], "start_line": 1}}, "classes": {"AppealAcceptModal": {"executed_lines": [], "summary": {"covered_lines": 0, "num_statements": 18, "percent_covered": 0.0, "percent_covered_display": "0", "missing_lines": 18, "excluded_lines": 0, "percent_statements_covered": 0.0, "percent_statements_covered_display": "0"}, "missing_lines": [31, 32, 33, 37, 38, 40, 45, 46, 47, 48, 49, 52, 54, 60, 61, 62, 67, 68], "excluded_lines": [], "start_line": 19}, "AppealReviewView": {"executed_lines": [], "summary": {"covered_lines": 0, "num_statements": 24, "percent_covered": 0.0, "percent_covered_display": "0", "missing_lines": 24, "excluded_lines": 0, "percent_statements_covered": 0.0, "percent_statements_covered_display": "0"}, "missing_lines": [78, 79, 80, 87, 88, 91, 92, 101, 102, 105, 107, 108, 110, 111, 112, 113, 114, 115, 117, 122, 123, 124, 125, 126], "excluded_lines": [], "start_line": 74}, "BlockedNoticeView": {"executed_lines": [], "summary": {"covered_lines": 0, "num_statements": 23, "percent_covered": 0.0, "percent_covered_display": "0", "missing_lines": 23, "excluded_lines": 0, "percent_statements_covered": 0.0, "percent_statements_covered_display": "0"}, "missing_lines": [136, 137, 146, 147, 149, 151, 152, 155, 156, 157, 160, 161, 162, 165, 168, 169, 170, 171, 172, 173, 174, 175, 177], "excluded_lines": [], "start_line": 132}, "Blacklist": {"executed_lines": [189], "summary": {"covered_lines": 1, "num_statements": 92, "percent_covered": 1.0869565217391304, "percent_covered_display": "1", "missing_lines": 91, "excluded_lines": 0, "percent_statements_covered": 1.0869565217391304, "percent_statements_covered_display": "1"}, "missing_lines": [194, 201, 202, 204, 206, 207, 210, 211, 212, 215, 217, 218, 219, 220, 221, 222, 223, 224, 226, 233, 234, 236, 237, 240, 242, 243, 249, 253, 254, 257, 258, 262, 263, 264, 265, 269, 294, 295, 298, 300, 301, 305, 310, 311, 312, 313, 319, 320, 323, 325, 326, 327, 330, 332, 339, 340, 343, 345, 346, 347, 350, 352, 357, 361, 362, 363, 364, 365, 366, 372, 373, 376, 378, 379, 380, 381, 382, 383, 385, 391, 392, 398, 399, 401, 402, 407, 408, 410, 411, 412, 418], "excluded_lines": [], "start_line": 185}, "": {"executed_lines": [1, 2, 4, 5, 6, 7, 9, 10, 11, 13, 19, 22, 30, 35, 74, 77, 82, 85, 96, 99, 132, 135, 139, 144, 185, 188, 191, 192, 198, 199, 230, 231, 273, 278, 279, 280, 286, 315, 316, 317, 336, 337, 368, 369, 370, 421, 422], "summary": {"covered_lines": 47, "num_statements": 47, "percent_covered": 100.0, "percent_covered_display": "100", "missing_lines": 0, "excluded_lines": 0, "percent_statements_covered": 100.0, "percent_statements_covered_display": "100"}, "missing_lines": [], "excluded_lines": [], "start_line": 1}}}, "src\\cogs\\core\\bot_appearance.py": {"executed_lines": [1, 2, 3, 5, 6, 7, 8, 10, 11, 12, 15, 18, 21, 26, 27, 36, 37, 47, 50, 51, 52, 54, 60, 115, 204, 205, 206, 241, 244, 245, 290, 293, 294, 339, 342, 343, 350, 405, 407], "summary": {"covered_lines": 39, "num_statements": 176, "percent_covered": 22.15909090909091, "percent_covered_display": "22", "missing_lines": 137, "excluded_lines": 0, "percent_statements_covered": 22.15909090909091, "percent_statements_covered_display": "22"}, "missing_lines": [22, 23, 24, 29, 30, 33, 34, 39, 40, 43, 44, 69, 71, 85, 86, 91, 96, 101, 102, 103, 104, 106, 107, 108, 109, 110, 111, 112, 113, 122, 123, 124, 127, 129, 130, 132, 133, 134, 135, 138, 140, 141, 142, 143, 148, 149, 152, 157, 160, 161, 162, 163, 171, 172, 173, 175, 176, 181, 186, 189, 190, 191, 192, 200, 201, 202, 208, 209, 212, 214, 215, 216, 218, 219, 225, 230, 232, 233, 236, 237, 249, 250, 253, 255, 256, 259, 261, 262, 265, 267, 269, 270, 271, 279, 284, 285, 287, 288, 298, 299, 302, 304, 305, 308, 310, 311, 314, 316, 318, 319, 320, 328, 333, 334, 336, 337, 356, 357, 360, 362, 364, 369, 371, 372, 378, 379, 380, 381, 382, 384, 386, 392, 397, 399, 400, 401, 402], "excluded_lines": [], "functions": {"AppearanceApprovalView.__init__": {"executed_lines": [], "summary": {"covered_lines": 0, "num_statements": 3, "percent_covered": 0.0, "percent_covered_display": "0", "missing_lines": 3, "excluded_lines": 0, "percent_statements_covered": 0.0, "percent_statements_covered_display": "0"}, "missing_lines": [22, 23, 24], "excluded_lines": [], "start_line": 21}, "AppearanceApprovalView.approve_button": {"executed_lines": [], "summary": {"covered_lines": 0, "num_statements": 4, "percent_covered": 0.0, "percent_covered_display": "0", "missing_lines": 4, "excluded_lines": 0, "percent_statements_covered": 0.0, "percent_statements_covered_display": "0"}, "missing_lines": [29, 30, 33, 34], "excluded_lines": [], "start_line": 27}, "AppearanceApprovalView.reject_button": {"executed_lines": [], "summary": {"covered_lines": 0, "num_statements": 4, "percent_covered": 0.0, "percent_covered_display": "0", "missing_lines": 4, "excluded_lines": 0, "percent_statements_covered": 0.0, "percent_statements_covered_display": "0"}, "missing_lines": [39, 40, 43, 44], "excluded_lines": [], "start_line": 37}, "BotAppearance.__init__": {"executed_lines": [51, 52], "summary": {"covered_lines": 2, "num_statements": 2, "percent_covered": 100.0, "percent_covered_display": "100", "missing_lines": 0, "excluded_lines": 0, "percent_statements_covered": 100.0, "percent_statements_covered_display": "100"}, "missing_lines": [], "excluded_lines": [], "start_line": 50}, "BotAppearance.send_approval_request": {"executed_lines": [], "summary": {"covered_lines": 0, "num_statements": 18, "percent_covered": 0.0, "percent_covered_display": "0", "missing_lines": 18, "excluded_lines": 0, "percent_statements_covered": 0.0, "percent_statements_covered_display": "0"}, "missing_lines": [69, 71, 85, 86, 91, 96, 101, 102, 103, 104, 106, 107, 108, 109, 110, 111, 112, 113], "excluded_lines": [], "start_line": 60}, "BotAppearance.handle_approval": {"executed_lines": [], "summary": {"covered_lines": 0, "num_statements": 37, "percent_covered": 0.0, "percent_covered_display": "0", "missing_lines": 37, "excluded_lines": 0, "percent_statements_covered": 0.0, "percent_statements_covered_display": "0"}, "missing_lines": [122, 123, 124, 127, 129, 130, 132, 133, 134, 135, 138, 140, 141, 142, 143, 148, 149, 152, 157, 160, 161, 162, 163, 171, 172, 173, 175, 176, 181, 186, 189, 190, 191, 192, 200, 201, 202], "excluded_lines": [], "start_line": 115}, "BotAppearance.change_name": {"executed_lines": [], "summary": {"covered_lines": 0, "num_statements": 14, "percent_covered": 0.0, "percent_covered_display": "0", "missing_lines": 14, "excluded_lines": 0, "percent_statements_covered": 0.0, "percent_statements_covered_display": "0"}, "missing_lines": [208, 209, 212, 214, 215, 216, 218, 219, 225, 230, 232, 233, 236, 237], "excluded_lines": [], "start_line": 206}, "BotAppearance.change_avatar": {"executed_lines": [], "summary": {"covered_lines": 0, "num_statements": 18, "percent_covered": 0.0, "percent_covered_display": "0", "missing_lines": 18, "excluded_lines": 0, "percent_statements_covered": 0.0, "percent_statements_covered_display": "0"}, "missing_lines": [249, 250, 253, 255, 256, 259, 261, 262, 265, 267, 269, 270, 271, 279, 284, 285, 287, 288], "excluded_lines": [], "start_line": 245}, "BotAppearance.change_banner": {"executed_lines": [], "summary": {"covered_lines": 0, "num_statements": 18, "percent_covered": 0.0, "percent_covered_display": "0", "missing_lines": 18, "excluded_lines": 0, "percent_statements_covered": 0.0, "percent_statements_covered_display": "0"}, "missing_lines": [298, 299, 302, 304, 305, 308, 310, 311, 314, 316, 318, 319, 320, 328, 333, 334, 336, 337], "excluded_lines": [], "start_line": 294}, "BotAppearance.reset_appearance": {"executed_lines": [], "summary": {"covered_lines": 0, "num_statements": 21, "percent_covered": 0.0, "percent_covered_display": "0", "missing_lines": 21, "excluded_lines": 0, "percent_statements_covered": 0.0, "percent_statements_covered_display": "0"}, "missing_lines": [356, 357, 360, 362, 364, 369, 371, 372, 378, 379, 380, 381, 382, 384, 386, 392, 397, 399, 400, 401, 402], "excluded_lines": [], "start_line": 350}, "setup": {"executed_lines": [407], "summary": {"covered_lines": 1, "num_statements": 1, "percent_covered": 100.0, "percent_covered_display": "100", "missing_lines": 0, "excluded_lines": 0, "percent_statements_covered": 100.0, "percent_statements_covered_display": "100"}, "missing_lines": [], "excluded_lines": [], "start_line": 405}, "": {"executed_lines": [1, 2, 3, 5, 6, 7, 8, 10, 11, 12, 15, 18, 21, 26, 27, 36, 37, 47, 50, 54, 60, 115, 204, 205, 206, 241, 244, 245, 290, 293, 294, 339, 342, 343, 350, 405], "summary": {"covered_lines": 36, "num_statements": 36, "percent_covered": 100.0, "percent_covered_display": "100", "missing_lines": 0, "excluded_lines": 0, "percent_statements_covered": 100.0, "percent_statements_covered_display": "100"}, "missing_lines": [], "excluded_lines": [], "start_line": 1}}, "classes": {"AppearanceApprovalView": {"executed_lines": [], "summary": {"covered_lines": 0, "num_statements": 11, "percent_covered": 0.0, "percent_covered_display": "0", "missing_lines": 11, "excluded_lines": 0, "percent_statements_covered": 0.0, "percent_statements_covered_display": "0"}, "missing_lines": [22, 23, 24, 29, 30, 33, 34, 39, 40, 43, 44], "excluded_lines": [], "start_line": 18}, "BotAppearance": {"executed_lines": [51, 52], "summary": {"covered_lines": 2, "num_statements": 128, "percent_covered": 1.5625, "percent_covered_display": "2", "missing_lines": 126, "excluded_lines": 0, "percent_statements_covered": 1.5625, "percent_statements_covered_display": "2"}, "missing_lines": [69, 71, 85, 86, 91, 96, 101, 102, 103, 104, 106, 107, 108, 109, 110, 111, 112, 113, 122, 123, 124, 127, 129, 130, 132, 133, 134, 135, 138, 140, 141, 142, 143, 148, 149, 152, 157, 160, 161, 162, 163, 171, 172, 173, 175, 176, 181, 186, 189, 190, 191, 192, 200, 201, 202, 208, 209, 212, 214, 215, 216, 218, 219, 225, 230, 232, 233, 236, 237, 249, 250, 253, 255, 256, 259, 261, 262, 265, 267, 269, 270, 271, 279, 284, 285, 287, 288, 298, 299, 302, 304, 305, 308, 310, 311, 314, 316, 318, 319, 320, 328, 333, 334, 336, 337, 356, 357, 360, 362, 364, 369, 371, 372, 378, 379, 380, 381, 382, 384, 386, 392, 397, 399, 400, 401, 402], "excluded_lines": [], "start_line": 47}, "": {"executed_lines": [1, 2, 3, 5, 6, 7, 8, 10, 11, 12, 15, 18, 21, 26, 27, 36, 37, 47, 50, 54, 60, 115, 204, 205, 206, 241, 244, 245, 290, 293, 294, 339, 342, 343, 350, 405, 407], "summary": {"covered_lines": 37, "num_statements": 37, "percent_covered": 100.0, "percent_covered_display": "100", "missing_lines": 0, "excluded_lines": 0, "percent_statements_covered": 100.0, "percent_statements_covered_display": "100"}, "missing_lines": [], "excluded_lines": [], "start_line": 1}}}, "src\\cogs\\core\\developer.py": {"executed_lines": [1, 2, 3, 4, 5, 7, 8, 9, 10, 11, 12, 13, 14, 15, 16, 17, 19, 22, 27, 28, 57, 69, 70, 80, 171, 181, 184, 185, 187, 191, 192, 197, 198, 212, 213, 234, 235, 236, 252, 254], "summary": {"covered_lines": 40, "num_statements": 126, "percent_covered": 31.746031746031747, "percent_covered_display": "32", "missing_lines": 86, "excluded_lines": 0, "percent_statements_covered": 31.746031746031747, "percent_statements_covered_display": "32"}, "missing_lines": [23, 24, 29, 30, 50, 58, 59, 62, 63, 64, 65, 66, 71, 72, 73, 76, 77, 78, 81, 83, 85, 90, 92, 93, 107, 111, 112, 113, 114, 115, 116, 117, 118, 120, 121, 126, 128, 129, 137, 138, 140, 145, 146, 150, 151, 152, 153, 160, 162, 163, 164, 167, 169, 172, 173, 174, 175, 176, 177, 178, 189, 194, 195, 200, 201, 202, 203, 204, 205, 206, 208, 209, 210, 215, 216, 219, 221, 224, 229, 230, 232, 238, 241, 246, 247, 249], "excluded_lines": [], "functions": {"_dev_markdown": {"executed_lines": [], "summary": {"covered_lines": 0, "num_statements": 2, "percent_covered": 0.0, "percent_covered_display": "0", "missing_lines": 2, "excluded_lines": 0, "percent_statements_covered": 0.0, "percent_statements_covered_display": "0"}, "missing_lines": [23, 24], "excluded_lines": [], "start_line": 22}, "DevInfoSectionSelect.__init__": {"executed_lines": [], "summary": {"covered_lines": 0, "num_statements": 3, "percent_covered": 0.0, "percent_covered_display": "0", "missing_lines": 3, "excluded_lines": 0, "percent_statements_covered": 0.0, "percent_statements_covered_display": "0"}, "missing_lines": [29, 30, 50], "excluded_lines": [], "start_line": 28}, "DevInfoSectionSelect.callback": {"executed_lines": [], "summary": {"covered_lines": 0, "num_statements": 7, "percent_covered": 0.0, "percent_covered_display": "0", "missing_lines": 7, "excluded_lines": 0, "percent_statements_covered": 0.0, "percent_statements_covered_display": "0"}, "missing_lines": [58, 59, 62, 63, 64, 65, 66], "excluded_lines": [], "start_line": 57}, "DevInfoLayoutView.__init__": {"executed_lines": [], "summary": {"covered_lines": 0, "num_statements": 6, "percent_covered": 0.0, "percent_covered_display": "0", "missing_lines": 6, "excluded_lines": 0, "percent_statements_covered": 0.0, "percent_statements_covered_display": "0"}, "missing_lines": [71, 72, 73, 76, 77, 78], "excluded_lines": [], "start_line": 70}, "DevInfoLayoutView._build": {"executed_lines": [], "summary": {"covered_lines": 0, "num_statements": 35, "percent_covered": 0.0, "percent_covered_display": "0", "missing_lines": 35, "excluded_lines": 0, "percent_statements_covered": 0.0, "percent_statements_covered_display": "0"}, "missing_lines": [81, 83, 85, 90, 92, 93, 107, 111, 112, 113, 114, 115, 116, 117, 118, 120, 121, 126, 128, 129, 137, 138, 140, 145, 146, 150, 151, 152, 153, 160, 162, 163, 164, 167, 169], "excluded_lines": [], "start_line": 80}, "DevInfoLayoutView.on_timeout": {"executed_lines": [], "summary": {"covered_lines": 0, "num_statements": 7, "percent_covered": 0.0, "percent_covered_display": "0", "missing_lines": 7, "excluded_lines": 0, "percent_statements_covered": 0.0, "percent_statements_covered_display": "0"}, "missing_lines": [172, 173, 174, 175, 176, 177, 178], "excluded_lines": [], "start_line": 171}, "Developer.__init__": {"executed_lines": [185], "summary": {"covered_lines": 1, "num_statements": 1, "percent_covered": 100.0, "percent_covered_display": "100", "missing_lines": 0, "excluded_lines": 0, "percent_statements_covered": 100.0, "percent_statements_covered_display": "100"}, "missing_lines": [], "excluded_lines": [], "start_line": 184}, "Developer.is_developer_slash": {"executed_lines": [], "summary": {"covered_lines": 0, "num_statements": 1, "percent_covered": 0.0, "percent_covered_display": "0", "missing_lines": 1, "excluded_lines": 0, "percent_statements_covered": 0.0, "percent_statements_covered_display": "0"}, "missing_lines": [189], "excluded_lines": [], "start_line": 187}, "Developer.on_ready": {"executed_lines": [], "summary": {"covered_lines": 0, "num_statements": 2, "percent_covered": 0.0, "percent_covered_display": "0", "missing_lines": 2, "excluded_lines": 0, "percent_statements_covered": 0.0, "percent_statements_covered_display": "0"}, "missing_lines": [194, 195], "excluded_lines": [], "start_line": 192}, "Developer.on_message": {"executed_lines": [], "summary": {"covered_lines": 0, "num_statements": 10, "percent_covered": 0.0, "percent_covered_display": "0", "missing_lines": 10, "excluded_lines": 0, "percent_statements_covered": 0.0, "percent_statements_covered_display": "0"}, "missing_lines": [200, 201, 202, 203, 204, 205, 206, 208, 209, 210], "excluded_lines": [], "start_line": 198}, "Developer.dev_status_slash": {"executed_lines": [], "summary": {"covered_lines": 0, "num_statements": 8, "percent_covered": 0.0, "percent_covered_display": "0", "missing_lines": 8, "excluded_lines": 0, "percent_statements_covered": 0.0, "percent_statements_covered_display": "0"}, "missing_lines": [215, 216, 219, 221, 224, 229, 230, 232], "excluded_lines": [], "start_line": 213}, "Developer.dev_status_command": {"executed_lines": [], "summary": {"covered_lines": 0, "num_statements": 5, "percent_covered": 0.0, "percent_covered_display": "0", "missing_lines": 5, "excluded_lines": 0, "percent_statements_covered": 0.0, "percent_statements_covered_display": "0"}, "missing_lines": [238, 241, 246, 247, 249], "excluded_lines": [], "start_line": 236}, "setup": {"executed_lines": [254], "summary": {"covered_lines": 1, "num_statements": 1, "percent_covered": 100.0, "percent_covered_display": "100", "missing_lines": 0, "excluded_lines": 0, "percent_statements_covered": 100.0, "percent_statements_covered_display": "100"}, "missing_lines": [], "excluded_lines": [], "start_line": 252}, "": {"executed_lines": [1, 2, 3, 4, 5, 7, 8, 9, 10, 11, 12, 13, 14, 15, 16, 17, 19, 22, 27, 28, 57, 69, 70, 80, 171, 181, 184, 187, 191, 192, 197, 198, 212, 213, 234, 235, 236, 252], "summary": {"covered_lines": 38, "num_statements": 38, "percent_covered": 100.0, "percent_covered_display": "100", "missing_lines": 0, "excluded_lines": 0, "percent_statements_covered": 100.0, "percent_statements_covered_display": "100"}, "missing_lines": [], "excluded_lines": [], "start_line": 1}}, "classes": {"DevInfoSectionSelect": {"executed_lines": [], "summary": {"covered_lines": 0, "num_statements": 10, "percent_covered": 0.0, "percent_covered_display": "0", "missing_lines": 10, "excluded_lines": 0, "percent_statements_covered": 0.0, "percent_statements_covered_display": "0"}, "missing_lines": [29, 30, 50, 58, 59, 62, 63, 64, 65, 66], "excluded_lines": [], "start_line": 27}, "DevInfoLayoutView": {"executed_lines": [], "summary": {"covered_lines": 0, "num_statements": 48, "percent_covered": 0.0, "percent_covered_display": "0", "missing_lines": 48, "excluded_lines": 0, "percent_statements_covered": 0.0, "percent_statements_covered_display": "0"}, "missing_lines": [71, 72, 73, 76, 77, 78, 81, 83, 85, 90, 92, 93, 107, 111, 112, 113, 114, 115, 116, 117, 118, 120, 121, 126, 128, 129, 137, 138, 140, 145, 146, 150, 151, 152, 153, 160, 162, 163, 164, 167, 169, 172, 173, 174, 175, 176, 177, 178], "excluded_lines": [], "start_line": 69}, "Developer": {"executed_lines": [185], "summary": {"covered_lines": 1, "num_statements": 27, "percent_covered": 3.7037037037037037, "percent_covered_display": "4", "missing_lines": 26, "excluded_lines": 0, "percent_statements_covered": 3.7037037037037037, "percent_statements_covered_display": "4"}, "missing_lines": [189, 194, 195, 200, 201, 202, 203, 204, 205, 206, 208, 209, 210, 215, 216, 219, 221, 224, 229, 230, 232, 238, 241, 246, 247, 249], "excluded_lines": [], "start_line": 181}, "": {"executed_lines": [1, 2, 3, 4, 5, 7, 8, 9, 10, 11, 12, 13, 14, 15, 16, 17, 19, 22, 27, 28, 57, 69, 70, 80, 171, 181, 184, 187, 191, 192, 197, 198, 212, 213, 234, 235, 236, 252, 254], "summary": {"covered_lines": 39, "num_statements": 41, "percent_covered": 95.1219512195122, "percent_covered_display": "95", "missing_lines": 2, "excluded_lines": 0, "percent_statements_covered": 95.1219512195122, "percent_statements_covered_display": "95"}, "missing_lines": [23, 24], "excluded_lines": [], "start_line": 1}}}, "src\\cogs\\core\\error_handler.py": {"executed_lines": [1, 2, 4, 5, 6, 8, 9, 10, 11, 14, 17, 18, 20, 22, 28, 85, 86, 125, 135, 160, 177, 220, 221], "summary": {"covered_lines": 23, "num_statements": 96, "percent_covered": 23.958333333333332, "percent_covered_display": "24", "missing_lines": 73, "excluded_lines": 0, "percent_statements_covered": 23.958333333333332, "percent_statements_covered_display": "24"}, "missing_lines": [24, 32, 35, 36, 37, 41, 44, 45, 46, 50, 53, 54, 58, 61, 62, 65, 66, 70, 73, 74, 78, 81, 90, 92, 93, 95, 96, 97, 98, 100, 101, 102, 103, 105, 106, 107, 109, 110, 111, 113, 114, 115, 117, 118, 121, 127, 128, 129, 131, 132, 133, 140, 146, 149, 152, 162, 164, 167, 169, 186, 191, 192, 197, 198, 205, 206, 209, 210, 211, 212, 213, 214, 217], "excluded_lines": [], "functions": {"ErrorHandler.__init__": {"executed_lines": [18, 20], "summary": {"covered_lines": 2, "num_statements": 2, "percent_covered": 100.0, "percent_covered_display": "100", "missing_lines": 0, "excluded_lines": 0, "percent_statements_covered": 100.0, "percent_statements_covered_display": "100"}, "missing_lines": [], "excluded_lines": [], "start_line": 17}, "ErrorHandler.cog_unload": {"executed_lines": [], "summary": {"covered_lines": 0, "num_statements": 1, "percent_covered": 0.0, "percent_covered_display": "0", "missing_lines": 1, "excluded_lines": 0, "percent_statements_covered": 0.0, "percent_statements_covered_display": "0"}, "missing_lines": [24], "excluded_lines": [], "start_line": 22}, "ErrorHandler.on_app_command_error": {"executed_lines": [], "summary": {"covered_lines": 0, "num_statements": 21, "percent_covered": 0.0, "percent_covered_display": "0", "missing_lines": 21, "excluded_lines": 0, "percent_statements_covered": 0.0, "percent_statements_covered_display": "0"}, "missing_lines": [32, 35, 36, 37, 41, 44, 45, 46, 50, 53, 54, 58, 61, 62, 65, 66, 70, 73, 74, 78, 81], "excluded_lines": [], "start_line": 28}, "ErrorHandler.on_command_error": {"executed_lines": [], "summary": {"covered_lines": 0, "num_statements": 23, "percent_covered": 0.0, "percent_covered_display": "0", "missing_lines": 23, "excluded_lines": 0, "percent_statements_covered": 0.0, "percent_statements_covered_display": "0"}, "missing_lines": [90, 92, 93, 95, 96, 97, 98, 100, 101, 102, 103, 105, 106, 107, 109, 110, 111, 113, 114, 115, 117, 118, 121], "excluded_lines": [], "start_line": 86}, "ErrorHandler._respond": {"executed_lines": [], "summary": {"covered_lines": 0, "num_statements": 6, "percent_covered": 0.0, "percent_covered_display": "0", "missing_lines": 6, "excluded_lines": 0, "percent_statements_covered": 0.0, "percent_statements_covered_display": "0"}, "missing_lines": [127, 128, 129, 131, 132, 133], "excluded_lines": [], "start_line": 125}, "ErrorHandler._handle_unexpected": {"executed_lines": [], "summary": {"covered_lines": 0, "num_statements": 4, "percent_covered": 0.0, "percent_covered_display": "0", "missing_lines": 4, "excluded_lines": 0, "percent_statements_covered": 0.0, "percent_statements_covered_display": "0"}, "missing_lines": [140, 146, 149, 152], "excluded_lines": [], "start_line": 135}, "ErrorHandler._handle_unexpected_prefix": {"executed_lines": [], "summary": {"covered_lines": 0, "num_statements": 4, "percent_covered": 0.0, "percent_covered_display": "0", "missing_lines": 4, "excluded_lines": 0, "percent_statements_covered": 0.0, "percent_statements_covered_display": "0"}, "missing_lines": [162, 164, 167, 169], "excluded_lines": [], "start_line": 160}, "ErrorHandler._log_error": {"executed_lines": [], "summary": {"covered_lines": 0, "num_statements": 14, "percent_covered": 0.0, "percent_covered_display": "0", "missing_lines": 14, "excluded_lines": 0, "percent_statements_covered": 0.0, "percent_statements_covered_display": "0"}, "missing_lines": [186, 191, 192, 197, 198, 205, 206, 209, 210, 211, 212, 213, 214, 217], "excluded_lines": [], "start_line": 177}, "setup": {"executed_lines": [221], "summary": {"covered_lines": 1, "num_statements": 1, "percent_covered": 100.0, "percent_covered_display": "100", "missing_lines": 0, "excluded_lines": 0, "percent_statements_covered": 100.0, "percent_statements_covered_display": "100"}, "missing_lines": [], "excluded_lines": [], "start_line": 220}, "": {"executed_lines": [1, 2, 4, 5, 6, 8, 9, 10, 11, 14, 17, 22, 28, 85, 86, 125, 135, 160, 177, 220], "summary": {"covered_lines": 20, "num_statements": 20, "percent_covered": 100.0, "percent_covered_display": "100", "missing_lines": 0, "excluded_lines": 0, "percent_statements_covered": 100.0, "percent_statements_covered_display": "100"}, "missing_lines": [], "excluded_lines": [], "start_line": 1}}, "classes": {"ErrorHandler": {"executed_lines": [18, 20], "summary": {"covered_lines": 2, "num_statements": 75, "percent_covered": 2.6666666666666665, "percent_covered_display": "3", "missing_lines": 73, "excluded_lines": 0, "percent_statements_covered": 2.6666666666666665, "percent_statements_covered_display": "3"}, "missing_lines": [24, 32, 35, 36, 37, 41, 44, 45, 46, 50, 53, 54, 58, 61, 62, 65, 66, 70, 73, 74, 78, 81, 90, 92, 93, 95, 96, 97, 98, 100, 101, 102, 103, 105, 106, 107, 109, 110, 111, 113, 114, 115, 117, 118, 121, 127, 128, 129, 131, 132, 133, 140, 146, 149, 152, 162, 164, 167, 169, 186, 191, 192, 197, 198, 205, 206, 209, 210, 211, 212, 213, 214, 217], "excluded_lines": [], "start_line": 14}, "": {"executed_lines": [1, 2, 4, 5, 6, 8, 9, 10, 11, 14, 17, 22, 28, 85, 86, 125, 135, 160, 177, 220, 221], "summary": {"covered_lines": 21, "num_statements": 21, "percent_covered": 100.0, "percent_covered_display": "100", "missing_lines": 0, "excluded_lines": 0, "percent_statements_covered": 100.0, "percent_statements_covered_display": "100"}, "missing_lines": [], "excluded_lines": [], "start_line": 1}}}, "src\\cogs\\core\\message_logger.py": {"executed_lines": [3, 4, 6, 7, 8, 10, 11, 13, 16, 19, 20, 21, 22, 23, 25, 28, 29, 41, 42, 56, 57, 124, 125, 188, 191, 192, 193, 212, 214], "summary": {"covered_lines": 29, "num_statements": 119, "percent_covered": 24.369747899159663, "percent_covered_display": "24", "missing_lines": 90, "excluded_lines": 0, "percent_statements_covered": 24.369747899159663, "percent_statements_covered_display": "24"}, "missing_lines": [26, 31, 32, 33, 34, 35, 36, 37, 44, 45, 46, 47, 59, 60, 61, 62, 63, 64, 65, 66, 68, 69, 70, 78, 79, 80, 82, 83, 84, 86, 88, 89, 90, 92, 93, 94, 95, 96, 98, 99, 112, 114, 115, 116, 117, 118, 119, 121, 122, 127, 128, 129, 130, 131, 132, 133, 134, 136, 137, 138, 139, 141, 142, 143, 152, 154, 155, 156, 158, 159, 160, 161, 162, 164, 174, 176, 177, 178, 179, 180, 181, 183, 184, 197, 198, 201, 202, 203, 204, 209], "excluded_lines": [], "functions": {"MessageLogger.__init__": {"executed_lines": [20, 21, 22, 23], "summary": {"covered_lines": 4, "num_statements": 4, "percent_covered": 100.0, "percent_covered_display": "100", "missing_lines": 0, "excluded_lines": 0, "percent_statements_covered": 100.0, "percent_statements_covered_display": "100"}, "missing_lines": [], "excluded_lines": [], "start_line": 19}, "MessageLogger.cog_unload": {"executed_lines": [], "summary": {"covered_lines": 0, "num_statements": 1, "percent_covered": 0.0, "percent_covered_display": "0", "missing_lines": 1, "excluded_lines": 0, "percent_statements_covered": 0.0, "percent_statements_covered_display": "0"}, "missing_lines": [26], "excluded_lines": [], "start_line": 25}, "MessageLogger._cleanup_task": {"executed_lines": [], "summary": {"covered_lines": 0, "num_statements": 7, "percent_covered": 0.0, "percent_covered_display": "0", "missing_lines": 7, "excluded_lines": 0, "percent_statements_covered": 0.0, "percent_statements_covered_display": "0"}, "missing_lines": [31, 32, 33, 34, 35, 36, 37], "excluded_lines": [], "start_line": 29}, "MessageLogger.on_message": {"executed_lines": [], "summary": {"covered_lines": 0, "num_statements": 4, "percent_covered": 0.0, "percent_covered_display": "0", "missing_lines": 4, "excluded_lines": 0, "percent_statements_covered": 0.0, "percent_statements_covered_display": "0"}, "missing_lines": [44, 45, 46, 47], "excluded_lines": [], "start_line": 42}, "MessageLogger.on_message_edit": {"executed_lines": [], "summary": {"covered_lines": 0, "num_statements": 37, "percent_covered": 0.0, "percent_covered_display": "0", "missing_lines": 37, "excluded_lines": 0, "percent_statements_covered": 0.0, "percent_statements_covered_display": "0"}, "missing_lines": [59, 60, 61, 62, 63, 64, 65, 66, 68, 69, 70, 78, 79, 80, 82, 83, 84, 86, 88, 89, 90, 92, 93, 94, 95, 96, 98, 99, 112, 114, 115, 116, 117, 118, 119, 121, 122], "excluded_lines": [], "start_line": 57}, "MessageLogger.on_message_delete": {"executed_lines": [], "summary": {"covered_lines": 0, "num_statements": 34, "percent_covered": 0.0, "percent_covered_display": "0", "missing_lines": 34, "excluded_lines": 0, "percent_statements_covered": 0.0, "percent_statements_covered_display": "0"}, "missing_lines": [127, 128, 129, 130, 131, 132, 133, 134, 136, 137, 138, 139, 141, 142, 143, 152, 154, 155, 156, 158, 159, 160, 161, 162, 164, 174, 176, 177, 178, 179, 180, 181, 183, 184], "excluded_lines": [], "start_line": 125}, "MessageLogger.set_log_channel": {"executed_lines": [], "summary": {"covered_lines": 0, "num_statements": 7, "percent_covered": 0.0, "percent_covered_display": "0", "missing_lines": 7, "excluded_lines": 0, "percent_statements_covered": 0.0, "percent_statements_covered_display": "0"}, "missing_lines": [197, 198, 201, 202, 203, 204, 209], "excluded_lines": [], "start_line": 193}, "setup": {"executed_lines": [214], "summary": {"covered_lines": 1, "num_statements": 1, "percent_covered": 100.0, "percent_covered_display": "100", "missing_lines": 0, "excluded_lines": 0, "percent_statements_covered": 100.0, "percent_statements_covered_display": "100"}, "missing_lines": [], "excluded_lines": [], "start_line": 212}, "": {"executed_lines": [3, 4, 6, 7, 8, 10, 11, 13, 16, 19, 25, 28, 29, 41, 42, 56, 57, 124, 125, 188, 191, 192, 193, 212], "summary": {"covered_lines": 24, "num_statements": 24, "percent_covered": 100.0, "percent_covered_display": "100", "missing_lines": 0, "excluded_lines": 0, "percent_statements_covered": 100.0, "percent_statements_covered_display": "100"}, "missing_lines": [], "excluded_lines": [], "start_line": 1}}, "classes": {"MessageLogger": {"executed_lines": [20, 21, 22, 23], "summary": {"covered_lines": 4, "num_statements": 94, "percent_covered": 4.25531914893617, "percent_covered_display": "4", "missing_lines": 90, "excluded_lines": 0, "percent_statements_covered": 4.25531914893617, "percent_statements_covered_display": "4"}, "missing_lines": [26, 31, 32, 33, 34, 35, 36, 37, 44, 45, 46, 47, 59, 60, 61, 62, 63, 64, 65, 66, 68, 69, 70, 78, 79, 80, 82, 83, 84, 86, 88, 89, 90, 92, 93, 94, 95, 96, 98, 99, 112, 114, 115, 116, 117, 118, 119, 121, 122, 127, 128, 129, 130, 131, 132, 133, 134, 136, 137, 138, 139, 141, 142, 143, 152, 154, 155, 156, 158, 159, 160, 161, 162, 164, 174, 176, 177, 178, 179, 180, 181, 183, 184, 197, 198, 201, 202, 203, 204, 209], "excluded_lines": [], "start_line": 16}, "": {"executed_lines": [3, 4, 6, 7, 8, 10, 11, 13, 16, 19, 25, 28, 29, 41, 42, 56, 57, 124, 125, 188, 191, 192, 193, 212, 214], "summary": {"covered_lines": 25, "num_statements": 25, "percent_covered": 100.0, "percent_covered_display": "100", "missing_lines": 0, "excluded_lines": 0, "percent_statements_covered": 100.0, "percent_statements_covered_display": "100"}, "missing_lines": [], "excluded_lines": [], "start_line": 1}}}, "src\\cogs\\core\\performance_monitor.py": {"executed_lines": [1, 2, 4, 5, 6, 9, 12, 13, 14, 16, 19, 20, 28, 72, 73], "summary": {"covered_lines": 15, "num_statements": 36, "percent_covered": 41.666666666666664, "percent_covered_display": "42", "missing_lines": 21, "excluded_lines": 0, "percent_statements_covered": 41.666666666666664, "percent_statements_covered_display": "42"}, "missing_lines": [17, 21, 23, 24, 25, 26, 30, 31, 32, 33, 42, 43, 44, 45, 54, 55, 56, 57, 58, 63, 67], "excluded_lines": [], "functions": {"PerformanceMonitorCog.__init__": {"executed_lines": [13, 14], "summary": {"covered_lines": 2, "num_statements": 2, "percent_covered": 100.0, "percent_covered_display": "100", "missing_lines": 0, "excluded_lines": 0, "percent_statements_covered": 100.0, "percent_statements_covered_display": "100"}, "missing_lines": [], "excluded_lines": [], "start_line": 12}, "PerformanceMonitorCog.cog_unload": {"executed_lines": [], "summary": {"covered_lines": 0, "num_statements": 1, "percent_covered": 0.0, "percent_covered_display": "0", "missing_lines": 1, "excluded_lines": 0, "percent_statements_covered": 0.0, "percent_statements_covered_display": "0"}, "missing_lines": [17], "excluded_lines": [], "start_line": 16}, "PerformanceMonitorCog._monitor_task": {"executed_lines": [], "summary": {"covered_lines": 0, "num_statements": 5, "percent_covered": 0.0, "percent_covered_display": "0", "missing_lines": 5, "excluded_lines": 0, "percent_statements_covered": 0.0, "percent_statements_covered_display": "0"}, "missing_lines": [21, 23, 24, 25, 26], "excluded_lines": [], "start_line": 20}, "PerformanceMonitorCog.collect_performance_metrics": {"executed_lines": [], "summary": {"covered_lines": 0, "num_statements": 15, "percent_covered": 0.0, "percent_covered_display": "0", "missing_lines": 15, "excluded_lines": 0, "percent_statements_covered": 0.0, "percent_statements_covered_display": "0"}, "missing_lines": [30, 31, 32, 33, 42, 43, 44, 45, 54, 55, 56, 57, 58, 63, 67], "excluded_lines": [], "start_line": 28}, "setup": {"executed_lines": [73], "summary": {"covered_lines": 1, "num_statements": 1, "percent_covered": 100.0, "percent_covered_display": "100", "missing_lines": 0, "excluded_lines": 0, "percent_statements_covered": 100.0, "percent_statements_covered_display": "100"}, "missing_lines": [], "excluded_lines": [], "start_line": 72}, "": {"executed_lines": [1, 2, 4, 5, 6, 9, 12, 16, 19, 20, 28, 72], "summary": {"covered_lines": 12, "num_statements": 12, "percent_covered": 100.0, "percent_covered_display": "100", "missing_lines": 0, "excluded_lines": 0, "percent_statements_covered": 100.0, "percent_statements_covered_display": "100"}, "missing_lines": [], "excluded_lines": [], "start_line": 1}}, "classes": {"PerformanceMonitorCog": {"executed_lines": [13, 14], "summary": {"covered_lines": 2, "num_statements": 23, "percent_covered": 8.695652173913043, "percent_covered_display": "9", "missing_lines": 21, "excluded_lines": 0, "percent_statements_covered": 8.695652173913043, "percent_statements_covered_display": "9"}, "missing_lines": [17, 21, 23, 24, 25, 26, 30, 31, 32, 33, 42, 43, 44, 45, 54, 55, 56, 57, 58, 63, 67], "excluded_lines": [], "start_line": 9}, "": {"executed_lines": [1, 2, 4, 5, 6, 9, 12, 16, 19, 20, 28, 72, 73], "summary": {"covered_lines": 13, "num_statements": 13, "percent_covered": 100.0, "percent_covered_display": "100", "missing_lines": 0, "excluded_lines": 0, "percent_statements_covered": 100.0, "percent_statements_covered_display": "100"}, "missing_lines": [], "excluded_lines": [], "start_line": 1}}}, "src\\cogs\\core\\report.py": {"executed_lines": [1, 3, 4, 5, 6, 8, 9, 10, 11, 13, 17, 20, 28, 36, 44, 52, 57, 83, 86, 93, 100, 108, 116, 121, 151, 154, 162, 170, 175, 193, 196, 201, 210, 211, 218, 219, 226, 227, 236, 239, 240, 242, 246, 248, 254, 372, 374, 375, 376, 377, 390, 391, 392, 412, 414], "summary": {"covered_lines": 55, "num_statements": 176, "percent_covered": 31.25, "percent_covered_display": "31", "missing_lines": 121, "excluded_lines": 0, "percent_statements_covered": 31.25, "percent_statements_covered_display": "31"}, "missing_lines": [53, 54, 55, 59, 60, 61, 62, 63, 64, 67, 69, 72, 73, 74, 76, 79, 117, 118, 119, 123, 124, 126, 127, 128, 129, 130, 132, 135, 136, 137, 139, 140, 141, 142, 144, 147, 171, 172, 173, 177, 178, 179, 180, 182, 183, 186, 189, 197, 198, 199, 203, 204, 207, 208, 213, 214, 215, 216, 221, 222, 223, 224, 229, 230, 231, 232, 250, 258, 259, 262, 265, 266, 269, 272, 273, 276, 279, 280, 281, 285, 287, 288, 289, 293, 296, 297, 298, 301, 306, 311, 316, 321, 326, 333, 334, 337, 343, 348, 349, 350, 351, 352, 353, 355, 356, 357, 359, 364, 367, 381, 383, 388, 394, 395, 396, 397, 398, 400, 402, 404, 409], "excluded_lines": [], "functions": {"MuteModal.__init__": {"executed_lines": [], "summary": {"covered_lines": 0, "num_statements": 3, "percent_covered": 0.0, "percent_covered_display": "0", "missing_lines": 3, "excluded_lines": 0, "percent_statements_covered": 0.0, "percent_statements_covered_display": "0"}, "missing_lines": [53, 54, 55], "excluded_lines": [], "start_line": 52}, "MuteModal.on_submit": {"executed_lines": [], "summary": {"covered_lines": 0, "num_statements": 13, "percent_covered": 0.0, "percent_covered_display": "0", "missing_lines": 13, "excluded_lines": 0, "percent_statements_covered": 0.0, "percent_statements_covered_display": "0"}, "missing_lines": [59, 60, 61, 62, 63, 64, 67, 69, 72, 73, 74, 76, 79], "excluded_lines": [], "start_line": 57}, "BanModal.__init__": {"executed_lines": [], "summary": {"covered_lines": 0, "num_statements": 3, "percent_covered": 0.0, "percent_covered_display": "0", "missing_lines": 3, "excluded_lines": 0, "percent_statements_covered": 0.0, "percent_statements_covered_display": "0"}, "missing_lines": [117, 118, 119], "excluded_lines": [], "start_line": 116}, "BanModal.on_submit": {"executed_lines": [], "summary": {"covered_lines": 0, "num_statements": 17, "percent_covered": 0.0, "percent_covered_display": "0", "missing_lines": 17, "excluded_lines": 0, "percent_statements_covered": 0.0, "percent_statements_covered_display": "0"}, "missing_lines": [123, 124, 126, 127, 128, 129, 130, 132, 135, 136, 137, 139, 140, 141, 142, 144, 147], "excluded_lines": [], "start_line": 121}, "WarnModal.__init__": {"executed_lines": [], "summary": {"covered_lines": 0, "num_statements": 3, "percent_covered": 0.0, "percent_covered_display": "0", "missing_lines": 3, "excluded_lines": 0, "percent_statements_covered": 0.0, "percent_statements_covered_display": "0"}, "missing_lines": [171, 172, 173], "excluded_lines": [], "start_line": 170}, "WarnModal.on_submit": {"executed_lines": [], "summary": {"covered_lines": 0, "num_statements": 8, "percent_covered": 0.0, "percent_covered_display": "0", "missing_lines": 8, "excluded_lines": 0, "percent_statements_covered": 0.0, "percent_statements_covered_display": "0"}, "missing_lines": [177, 178, 179, 180, 182, 183, 186, 189], "excluded_lines": [], "start_line": 175}, "ReportActionView.__init__": {"executed_lines": [], "summary": {"covered_lines": 0, "num_statements": 3, "percent_covered": 0.0, "percent_covered_display": "0", "missing_lines": 3, "excluded_lines": 0, "percent_statements_covered": 0.0, "percent_statements_covered_display": "0"}, "missing_lines": [197, 198, 199], "excluded_lines": [], "start_line": 196}, "ReportActionView._check_permissions": {"executed_lines": [], "summary": {"covered_lines": 0, "num_statements": 4, "percent_covered": 0.0, "percent_covered_display": "0", "missing_lines": 4, "excluded_lines": 0, "percent_statements_covered": 0.0, "percent_statements_covered_display": "0"}, "missing_lines": [203, 204, 207, 208], "excluded_lines": [], "start_line": 201}, "ReportActionView.mute_button": {"executed_lines": [], "summary": {"covered_lines": 0, "num_statements": 4, "percent_covered": 0.0, "percent_covered_display": "0", "missing_lines": 4, "excluded_lines": 0, "percent_statements_covered": 0.0, "percent_statements_covered_display": "0"}, "missing_lines": [213, 214, 215, 216], "excluded_lines": [], "start_line": 211}, "ReportActionView.ban_button": {"executed_lines": [], "summary": {"covered_lines": 0, "num_statements": 4, "percent_covered": 0.0, "percent_covered_display": "0", "missing_lines": 4, "excluded_lines": 0, "percent_statements_covered": 0.0, "percent_statements_covered_display": "0"}, "missing_lines": [221, 222, 223, 224], "excluded_lines": [], "start_line": 219}, "ReportActionView.warn_button": {"executed_lines": [], "summary": {"covered_lines": 0, "num_statements": 4, "percent_covered": 0.0, "percent_covered_display": "0", "missing_lines": 4, "excluded_lines": 0, "percent_statements_covered": 0.0, "percent_statements_covered_display": "0"}, "missing_lines": [229, 230, 231, 232], "excluded_lines": [], "start_line": 227}, "Report.__init__": {"executed_lines": [240, 242, 246], "summary": {"covered_lines": 3, "num_statements": 3, "percent_covered": 100.0, "percent_covered_display": "100", "missing_lines": 0, "excluded_lines": 0, "percent_statements_covered": 100.0, "percent_statements_covered_display": "100"}, "missing_lines": [], "excluded_lines": [], "start_line": 239}, "Report.cog_unload": {"executed_lines": [], "summary": {"covered_lines": 0, "num_statements": 1, "percent_covered": 0.0, "percent_covered_display": "0", "missing_lines": 1, "excluded_lines": 0, "percent_statements_covered": 0.0, "percent_statements_covered_display": "0"}, "missing_lines": [250], "excluded_lines": [], "start_line": 248}, "Report.report_message": {"executed_lines": [], "summary": {"covered_lines": 0, "num_statements": 42, "percent_covered": 0.0, "percent_covered_display": "0", "missing_lines": 42, "excluded_lines": 0, "percent_statements_covered": 0.0, "percent_statements_covered_display": "0"}, "missing_lines": [258, 259, 262, 265, 266, 269, 272, 273, 276, 279, 280, 281, 285, 287, 288, 289, 293, 296, 297, 298, 301, 306, 311, 316, 321, 326, 333, 334, 337, 343, 348, 349, 350, 351, 352, 353, 355, 356, 357, 359, 364, 367], "excluded_lines": [], "start_line": 254}, "Report.report_channel_set": {"executed_lines": [], "summary": {"covered_lines": 0, "num_statements": 3, "percent_covered": 0.0, "percent_covered_display": "0", "missing_lines": 3, "excluded_lines": 0, "percent_statements_covered": 0.0, "percent_statements_covered_display": "0"}, "missing_lines": [381, 383, 388], "excluded_lines": [], "start_line": 377}, "Report.report_channel_status": {"executed_lines": [], "summary": {"covered_lines": 0, "num_statements": 9, "percent_covered": 0.0, "percent_covered_display": "0", "missing_lines": 9, "excluded_lines": 0, "percent_statements_covered": 0.0, "percent_statements_covered_display": "0"}, "missing_lines": [394, 395, 396, 397, 398, 400, 402, 404, 409], "excluded_lines": [], "start_line": 392}, "setup": {"executed_lines": [414], "summary": {"covered_lines": 1, "num_statements": 1, "percent_covered": 100.0, "percent_covered_display": "100", "missing_lines": 0, "excluded_lines": 0, "percent_statements_covered": 100.0, "percent_statements_covered_display": "100"}, "missing_lines": [], "excluded_lines": [], "start_line": 412}, "": {"executed_lines": [1, 3, 4, 5, 6, 8, 9, 10, 11, 13, 17, 20, 28, 36, 44, 52, 57, 83, 86, 93, 100, 108, 116, 121, 151, 154, 162, 170, 175, 193, 196, 201, 210, 211, 218, 219, 226, 227, 236, 239, 248, 254, 372, 374, 375, 376, 377, 390, 391, 392, 412], "summary": {"covered_lines": 51, "num_statements": 51, "percent_covered": 100.0, "percent_covered_display": "100", "missing_lines": 0, "excluded_lines": 0, "percent_statements_covered": 100.0, "percent_statements_covered_display": "100"}, "missing_lines": [], "excluded_lines": [], "start_line": 1}}, "classes": {"MuteModal": {"executed_lines": [], "summary": {"covered_lines": 0, "num_statements": 16, "percent_covered": 0.0, "percent_covered_display": "0", "missing_lines": 16, "excluded_lines": 0, "percent_statements_covered": 0.0, "percent_statements_covered_display": "0"}, "missing_lines": [53, 54, 55, 59, 60, 61, 62, 63, 64, 67, 69, 72, 73, 74, 76, 79], "excluded_lines": [], "start_line": 17}, "BanModal": {"executed_lines": [], "summary": {"covered_lines": 0, "num_statements": 20, "percent_covered": 0.0, "percent_covered_display": "0", "missing_lines": 20, "excluded_lines": 0, "percent_statements_covered": 0.0, "percent_statement
[...]
red": 0.0, "percent_statements_covered_display": "0"}, "missing_lines": [121, 123, 125, 126, 128], "excluded_lines": [], "start_line": 112}, "MessageCache.delete": {"executed_lines": [], "summary": {"covered_lines": 0, "num_statements": 5, "percent_covered": 0.0, "percent_covered_display": "0", "missing_lines": 5, "excluded_lines": 0, "percent_statements_covered": 0.0, "percent_statements_covered_display": "0"}, "missing_lines": [138, 140, 141, 142, 143], "excluded_lines": [], "start_line": 130}, "MessageCache.clear_guild": {"executed_lines": [], "summary": {"covered_lines": 0, "num_statements": 5, "percent_covered": 0.0, "percent_covered_display": "0", "missing_lines": 5, "excluded_lines": 0, "percent_statements_covered": 0.0, "percent_statements_covered_display": "0"}, "missing_lines": [152, 156, 157, 158, 159], "excluded_lines": [], "start_line": 145}, "MessageCache.clear_all": {"executed_lines": [], "summary": {"covered_lines": 0, "num_statements": 2, "percent_covered": 0.0, "percent_covered_display": "0", "missing_lines": 2, "excluded_lines": 0, "percent_statements_covered": 0.0, "percent_statements_covered_display": "0"}, "missing_lines": [163, 164], "excluded_lines": [], "start_line": 161}, "MessageCache.get_stats": {"executed_lines": [], "summary": {"covered_lines": 0, "num_statements": 3, "percent_covered": 0.0, "percent_covered_display": "0", "missing_lines": 3, "excluded_lines": 0, "percent_statements_covered": 0.0, "percent_statements_covered_display": "0"}, "missing_lines": [173, 174, 176], "excluded_lines": [], "start_line": 166}, "MessageCache.reset_stats": {"executed_lines": [], "summary": {"covered_lines": 0, "num_statements": 2, "percent_covered": 0.0, "percent_covered_display": "0", "missing_lines": 2, "excluded_lines": 0, "percent_statements_covered": 0.0, "percent_statements_covered_display": "0"}, "missing_lines": [188, 189], "excluded_lines": [], "start_line": 186}, "get_message_cache": {"executed_lines": [209, 210, 212], "summary": {"covered_lines": 3, "num_statements": 3, "percent_covered": 100.0, "percent_covered_display": "100", "missing_lines": 0, "excluded_lines": 0, "percent_statements_covered": 100.0, "percent_statements_covered_display": "100"}, "missing_lines": [], "excluded_lines": [], "start_line": 196}, "": {"executed_lines": [1, 2, 3, 4, 5, 8, 11, 14, 29, 33, 41, 70, 96, 112, 130, 145, 161, 166, 186, 193, 196], "summary": {"covered_lines": 21, "num_statements": 21, "percent_covered": 100.0, "percent_covered_display": "100", "missing_lines": 0, "excluded_lines": 0, "percent_statements_covered": 100.0, "percent_statements_covered_display": "100"}, "missing_lines": [], "excluded_lines": [], "start_line": 1}}, "classes": {"MessageCache": {"executed_lines": [22, 23, 24, 25, 26, 27], "summary": {"covered_lines": 6, "num_statements": 60, "percent_covered": 10.0, "percent_covered_display": "10", "missing_lines": 54, "excluded_lines": 0, "percent_statements_covered": 10.0, "percent_statements_covered_display": "10"}, "missing_lines": [31, 35, 36, 38, 39, 52, 55, 57, 58, 59, 62, 63, 64, 65, 67, 68, 79, 82, 83, 86, 88, 89, 90, 93, 94, 103, 104, 105, 106, 107, 109, 110, 121, 123, 125, 126, 128, 138, 140, 141, 142, 143, 152, 156, 157, 158, 159, 163, 164, 173, 174, 176, 188, 189], "excluded_lines": [], "start_line": 11}, "": {"executed_lines": [1, 2, 3, 4, 5, 8, 11, 14, 29, 33, 41, 70, 96, 112, 130, 145, 161, 166, 186, 193, 196, 209, 210, 212], "summary": {"covered_lines": 24, "num_statements": 24, "percent_covered": 100.0, "percent_covered_display": "100", "missing_lines": 0, "excluded_lines": 0, "percent_statements_covered": 100.0, "percent_statements_covered_display": "100"}, "missing_lines": [], "excluded_lines": [], "start_line": 1}}}, "src\\utils\\network_optimizer.py": {"executed_lines": [1, 2, 3, 4, 5, 6, 8, 11, 12, 13, 14, 15, 16, 17, 18, 19, 20, 21, 24, 25, 30, 52, 58, 62, 63, 69, 114, 127, 128, 135, 202, 218, 227, 246, 268, 308, 312, 316, 317, 320, 344, 347, 352], "summary": {"covered_lines": 43, "num_statements": 194, "percent_covered": 22.164948453608247, "percent_covered_display": "22", "missing_lines": 151, "excluded_lines": 0, "percent_statements_covered": 22.164948453608247, "percent_statements_covered_display": "22"}, "missing_lines": [26, 27, 28, 31, 33, 34, 35, 36, 37, 39, 40, 41, 42, 44, 45, 47, 48, 49, 50, 53, 54, 56, 59, 64, 65, 66, 67, 70, 71, 73, 74, 75, 76, 78, 87, 89, 93, 99, 110, 112, 115, 116, 117, 118, 120, 121, 123, 124, 129, 130, 131, 132, 133, 145, 146, 147, 149, 151, 152, 154, 155, 156, 165, 166, 167, 168, 169, 170, 175, 176, 178, 179, 181, 182, 183, 184, 186, 188, 189, 190, 191, 193, 195, 198, 203, 204, 205, 213, 215, 216, 219, 220, 222, 224, 225, 228, 234, 235, 236, 244, 247, 248, 254, 256, 257, 258, 259, 260, 262, 263, 264, 266, 269, 270, 272, 273, 275, 276, 278, 279, 280, 281, 282, 283, 284, 286, 287, 288, 289, 290, 292, 293, 295, 296, 303, 305, 306, 309, 310, 313, 318, 321, 329, 331, 332, 333, 338, 339, 341, 349, 353], "excluded_lines": [], "functions": {"DNSCache.__init__": {"executed_lines": [], "summary": {"covered_lines": 0, "num_statements": 3, "percent_covered": 0.0, "percent_covered_display": "0", "missing_lines": 3, "excluded_lines": 0, "percent_statements_covered": 0.0, "percent_statements_covered_display": "0"}, "missing_lines": [26, 27, 28], "excluded_lines": [], "start_line": 25}, "DNSCache.resolve": {"executed_lines": [], "summary": {"covered_lines": 0, "num_statements": 16, "percent_covered": 0.0, "percent_covered_display": "0", "missing_lines": 16, "excluded_lines": 0, "percent_statements_covered": 0.0, "percent_statements_covered_display": "0"}, "missing_lines": [31, 33, 34, 35, 36, 37, 39, 40, 41, 42, 44, 45, 47, 48, 49, 50], "excluded_lines": [], "start_line": 30}, "DNSCache.clear": {"executed_lines": [], "summary": {"covered_lines": 0, "num_statements": 3, "percent_covered": 0.0, "percent_covered_display": "0", "missing_lines": 3, "excluded_lines": 0, "percent_statements_covered": 0.0, "percent_statements_covered_display": "0"}, "missing_lines": [53, 54, 56], "excluded_lines": [], "start_line": 52}, "DNSCache.size": {"executed_lines": [], "summary": {"covered_lines": 0, "num_statements": 1, "percent_covered": 0.0, "percent_covered_display": "0", "missing_lines": 1, "excluded_lines": 0, "percent_statements_covered": 0.0, "percent_statements_covered_display": "0"}, "missing_lines": [59], "excluded_lines": [], "start_line": 58}, "ConnectionPool.__init__": {"executed_lines": [], "summary": {"covered_lines": 0, "num_statements": 4, "percent_covered": 0.0, "percent_covered_display": "0", "missing_lines": 4, "excluded_lines": 0, "percent_statements_covered": 0.0, "percent_statements_covered_display": "0"}, "missing_lines": [64, 65, 66, 67], "excluded_lines": [], "start_line": 63}, "ConnectionPool.get_session": {"executed_lines": [], "summary": {"covered_lines": 0, "num_statements": 13, "percent_covered": 0.0, "percent_covered_display": "0", "missing_lines": 13, "excluded_lines": 0, "percent_statements_covered": 0.0, "percent_statements_covered_display": "0"}, "missing_lines": [70, 71, 73, 74, 75, 76, 78, 87, 89, 93, 99, 110, 112], "excluded_lines": [], "start_line": 69}, "ConnectionPool.close_all": {"executed_lines": [], "summary": {"covered_lines": 0, "num_statements": 8, "percent_covered": 0.0, "percent_covered_display": "0", "missing_lines": 8, "excluded_lines": 0, "percent_statements_covered": 0.0, "percent_statements_covered_display": "0"}, "missing_lines": [115, 116, 117, 118, 120, 121, 123, 124], "excluded_lines": [], "start_line": 114}, "NetworkOptimizer.__init__": {"executed_lines": [], "summary": {"covered_lines": 0, "num_statements": 5, "percent_covered": 0.0, "percent_covered_display": "0", "missing_lines": 5, "excluded_lines": 0, "percent_statements_covered": 0.0, "percent_statements_covered_display": "0"}, "missing_lines": [129, 130, 131, 132, 133], "excluded_lines": [], "start_line": 128}, "NetworkOptimizer.make_request": {"executed_lines": [], "summary": {"covered_lines": 0, "num_statements": 31, "percent_covered": 0.0, "percent_covered_display": "0", "missing_lines": 31, "excluded_lines": 0, "percent_statements_covered": 0.0, "percent_statements_covered_display": "0"}, "missing_lines": [145, 146, 147, 149, 151, 152, 154, 155, 156, 165, 166, 167, 168, 169, 170, 175, 176, 178, 179, 181, 182, 183, 184, 186, 188, 189, 190, 191, 193, 195, 198], "excluded_lines": [], "start_line": 135}, "NetworkOptimizer.make_batch_requests": {"executed_lines": [], "summary": {"covered_lines": 0, "num_statements": 6, "percent_covered": 0.0, "percent_covered_display": "0", "missing_lines": 6, "excluded_lines": 0, "percent_statements_covered": 0.0, "percent_statements_covered_display": "0"}, "missing_lines": [203, 204, 205, 213, 215, 216], "excluded_lines": [], "start_line": 202}, "NetworkOptimizer._record_metric": {"executed_lines": [], "summary": {"covered_lines": 0, "num_statements": 5, "percent_covered": 0.0, "percent_covered_display": "0", "missing_lines": 5, "excluded_lines": 0, "percent_statements_covered": 0.0, "percent_statements_covered_display": "0"}, "missing_lines": [219, 220, 222, 224, 225], "excluded_lines": [], "start_line": 218}, "NetworkOptimizer.get_network_stats": {"executed_lines": [], "summary": {"covered_lines": 0, "num_statements": 5, "percent_covered": 0.0, "percent_covered_display": "0", "missing_lines": 5, "excluded_lines": 0, "percent_statements_covered": 0.0, "percent_statements_covered_display": "0"}, "missing_lines": [228, 234, 235, 236, 244], "excluded_lines": [], "start_line": 227}, "NetworkOptimizer.test_connectivity": {"executed_lines": [], "summary": {"covered_lines": 0, "num_statements": 12, "percent_covered": 0.0, "percent_covered_display": "0", "missing_lines": 12, "excluded_lines": 0, "percent_statements_covered": 0.0, "percent_statements_covered_display": "0"}, "missing_lines": [247, 248, 254, 256, 257, 258, 259, 260, 262, 263, 264, 266], "excluded_lines": [], "start_line": 246}, "NetworkOptimizer.optimize_connection": {"executed_lines": [], "summary": {"covered_lines": 0, "num_statements": 25, "percent_covered": 0.0, "percent_covered_display": "0", "missing_lines": 25, "excluded_lines": 0, "percent_statements_covered": 0.0, "percent_statements_covered_display": "0"}, "missing_lines": [269, 270, 272, 273, 275, 276, 278, 279, 280, 281, 282, 283, 284, 286, 287, 288, 289, 290, 292, 293, 295, 296, 303, 305, 306], "excluded_lines": [], "start_line": 268}, "NetworkOptimizer.clear_caches": {"executed_lines": [], "summary": {"covered_lines": 0, "num_statements": 2, "percent_covered": 0.0, "percent_covered_display": "0", "missing_lines": 2, "excluded_lines": 0, "percent_statements_covered": 0.0, "percent_statements_covered_display": "0"}, "missing_lines": [309, 310], "excluded_lines": [], "start_line": 308}, "NetworkOptimizer.close": {"executed_lines": [], "summary": {"covered_lines": 0, "num_statements": 1, "percent_covered": 0.0, "percent_covered_display": "0", "missing_lines": 1, "excluded_lines": 0, "percent_statements_covered": 0.0, "percent_statements_covered_display": "0"}, "missing_lines": [313], "excluded_lines": [], "start_line": 312}, "NetworkDiagnostics.__init__": {"executed_lines": [], "summary": {"covered_lines": 0, "num_statements": 1, "percent_covered": 0.0, "percent_covered_display": "0", "missing_lines": 1, "excluded_lines": 0, "percent_statements_covered": 0.0, "percent_statements_covered_display": "0"}, "missing_lines": [318], "excluded_lines": [], "start_line": 317}, "NetworkDiagnostics.run_full_diagnostics": {"executed_lines": [], "summary": {"covered_lines": 0, "num_statements": 8, "percent_covered": 0.0, "percent_covered_display": "0", "missing_lines": 8, "excluded_lines": 0, "percent_statements_covered": 0.0, "percent_statements_covered_display": "0"}, "missing_lines": [321, 329, 331, 332, 333, 338, 339, 341], "excluded_lines": [], "start_line": 320}, "init_network_optimizer": {"executed_lines": [], "summary": {"covered_lines": 0, "num_statements": 1, "percent_covered": 0.0, "percent_covered_display": "0", "missing_lines": 1, "excluded_lines": 0, "percent_statements_covered": 0.0, "percent_statements_covered_display": "0"}, "missing_lines": [349], "excluded_lines": [], "start_line": 347}, "get_network_optimizer": {"executed_lines": [], "summary": {"covered_lines": 0, "num_statements": 1, "percent_covered": 0.0, "percent_covered_display": "0", "missing_lines": 1, "excluded_lines": 0, "percent_statements_covered": 0.0, "percent_statements_covered_display": "0"}, "missing_lines": [353], "excluded_lines": [], "start_line": 352}, "": {"executed_lines": [1, 2, 3, 4, 5, 6, 8, 11, 12, 13, 14, 15, 16, 17, 18, 19, 20, 21, 24, 25, 30, 52, 58, 62, 63, 69, 114, 127, 128, 135, 202, 218, 227, 246, 268, 308, 312, 316, 317, 320, 344, 347, 352], "summary": {"covered_lines": 43, "num_statements": 43, "percent_covered": 100.0, "percent_covered_display": "100", "missing_lines": 0, "excluded_lines": 0, "percent_statements_covered": 100.0, "percent_statements_covered_display": "100"}, "missing_lines": [], "excluded_lines": [], "start_line": 1}}, "classes": {"NetworkConfig": {"executed_lines": [], "summary": {"covered_lines": 0, "num_statements": 0, "percent_covered": 100.0, "percent_covered_display": "100", "missing_lines": 0, "excluded_lines": 0, "percent_statements_covered": 100.0, "percent_statements_covered_display": "100"}, "missing_lines": [], "excluded_lines": [], "start_line": 12}, "DNSCache": {"executed_lines": [], "summary": {"covered_lines": 0, "num_statements": 23, "percent_covered": 0.0, "percent_covered_display": "0", "missing_lines": 23, "excluded_lines": 0, "percent_statements_covered": 0.0, "percent_statements_covered_display": "0"}, "missing_lines": [26, 27, 28, 31, 33, 34, 35, 36, 37, 39, 40, 41, 42, 44, 45, 47, 48, 49, 50, 53, 54, 56, 59], "excluded_lines": [], "start_line": 24}, "ConnectionPool": {"executed_lines": [], "summary": {"covered_lines": 0, "num_statements": 25, "percent_covered": 0.0, "percent_covered_display": "0", "missing_lines": 25, "excluded_lines": 0, "percent_statements_covered": 0.0, "percent_statements_covered_display": "0"}, "missing_lines": [64, 65, 66, 67, 70, 71, 73, 74, 75, 76, 78, 87, 89, 93, 99, 110, 112, 115, 116, 117, 118, 120, 121, 123, 124], "excluded_lines": [], "start_line": 62}, "NetworkOptimizer": {"executed_lines": [], "summary": {"covered_lines": 0, "num_statements": 92, "percent_covered": 0.0, "percent_covered_display": "0", "missing_lines": 92, "excluded_lines": 0, "percent_statements_covered": 0.0, "percent_statements_covered_display": "0"}, "missing_lines": [129, 130, 131, 132, 133, 145, 146, 147, 149, 151, 152, 154, 155, 156, 165, 166, 167, 168, 169, 170, 175, 176, 178, 179, 181, 182, 183, 184, 186, 188, 189, 190, 191, 193, 195, 198, 203, 204, 205, 213, 215, 216, 219, 220, 222, 224, 225, 228, 234, 235, 236, 244, 247, 248, 254, 256, 257, 258, 259, 260, 262, 263, 264, 266, 269, 270, 272, 273, 275, 276, 278, 279, 280, 281, 282, 283, 284, 286, 287, 288, 289, 290, 292, 293, 295, 296, 303, 305, 306, 309, 310, 313], "excluded_lines": [], "start_line": 127}, "NetworkDiagnostics": {"executed_lines": [], "summary": {"covered_lines": 0, "num_statements": 9, "percent_covered": 0.0, "percent_covered_display": "0", "missing_lines": 9, "excluded_lines": 0, "percent_statements_covered": 0.0, "percent_statements_covered_display": "0"}, "missing_lines": [318, 321, 329, 331, 332, 333, 338, 339, 341], "excluded_lines": [], "start_line": 316}, "": {"executed_lines": [1, 2, 3, 4, 5, 6, 8, 11, 12, 13, 14, 15, 16, 17, 18, 19, 20, 21, 24, 25, 30, 52, 58, 62, 63, 69, 114, 127, 128, 135, 202, 218, 227, 246, 268, 308, 312, 316, 317, 320, 344, 347, 352], "summary": {"covered_lines": 43, "num_statements": 45, "percent_covered": 95.55555555555556, "percent_covered_display": "96", "missing_lines": 2, "excluded_lines": 0, "percent_statements_covered": 95.55555555555556, "percent_statements_covered_display": "96"}, "missing_lines": [349, 353], "excluded_lines": [], "start_line": 1}}}, "src\\utils\\text_converter.py": {"executed_lines": [4, 13, 17, 81, 701, 702, 705, 706, 707, 708], "summary": {"covered_lines": 10, "num_statements": 11, "percent_covered": 90.9090909090909, "percent_covered_display": "91", "missing_lines": 1, "excluded_lines": 0, "percent_statements_covered": 90.9090909090909, "percent_statements_covered_display": "91"}, "missing_lines": [14], "excluded_lines": [], "functions": {"to_traditional_chinese": {"executed_lines": [13, 17, 81, 701, 702, 705, 706, 707, 708], "summary": {"covered_lines": 9, "num_statements": 10, "percent_covered": 90.0, "percent_covered_display": "90", "missing_lines": 1, "excluded_lines": 0, "percent_statements_covered": 90.0, "percent_statements_covered_display": "90"}, "missing_lines": [14], "excluded_lines": [], "start_line": 4}, "": {"executed_lines": [4], "summary": {"covered_lines": 1, "num_statements": 1, "percent_covered": 100.0, "percent_covered_display": "100", "missing_lines": 0, "excluded_lines": 0, "percent_statements_covered": 100.0, "percent_statements_covered_display": "100"}, "missing_lines": [], "excluded_lines": [], "start_line": 1}}, "classes": {"": {"executed_lines": [4, 13, 17, 81, 701, 702, 705, 706, 707, 708], "summary": {"covered_lines": 10, "num_statements": 11, "percent_covered": 90.9090909090909, "percent_covered_display": "91", "missing_lines": 1, "excluded_lines": 0, "percent_statements_covered": 90.9090909090909, "percent_statements_covered_display": "91"}, "missing_lines": [14], "excluded_lines": [], "start_line": 1}}}, "src\\utils\\time_utils.py": {"executed_lines": [3, 4, 5, 8, 11, 16, 23], "summary": {"covered_lines": 7, "num_statements": 12, "percent_covered": 58.333333333333336, "percent_covered_display": "58", "missing_lines": 5, "excluded_lines": 0, "percent_statements_covered": 58.333333333333336, "percent_statements_covered_display": "58"}, "missing_lines": [13, 18, 19, 20, 25], "excluded_lines": [], "functions": {"get_current_time_str": {"executed_lines": [], "summary": {"covered_lines": 0, "num_statements": 1, "percent_covered": 0.0, "percent_covered_display": "0", "missing_lines": 1, "excluded_lines": 0, "percent_statements_covered": 0.0, "percent_statements_covered_display": "0"}, "missing_lines": [13], "excluded_lines": [], "start_line": 11}, "format_datetime": {"executed_lines": [], "summary": {"covered_lines": 0, "num_statements": 3, "percent_covered": 0.0, "percent_covered_display": "0", "missing_lines": 3, "excluded_lines": 0, "percent_statements_covered": 0.0, "percent_statements_covered_display": "0"}, "missing_lines": [18, 19, 20], "excluded_lines": [], "start_line": 16}, "get_now": {"executed_lines": [], "summary": {"covered_lines": 0, "num_statements": 1, "percent_covered": 0.0, "percent_covered_display": "0", "missing_lines": 1, "excluded_lines": 0, "percent_statements_covered": 0.0, "percent_statements_covered_display": "0"}, "missing_lines": [25], "excluded_lines": [], "start_line": 23}, "": {"executed_lines": [3, 4, 5, 8, 11, 16, 23], "summary": {"covered_lines": 7, "num_statements": 7, "percent_covered": 100.0, "percent_covered_display": "100", "missing_lines": 0, "excluded_lines": 0, "percent_statements_covered": 100.0, "percent_statements_covered_display": "100"}, "missing_lines": [], "excluded_lines": [], "start_line": 1}}, "classes": {"": {"executed_lines": [3, 4, 5, 8, 11, 16, 23], "summary": {"covered_lines": 7, "num_statements": 12, "percent_covered": 58.333333333333336, "percent_covered_display": "58", "missing_lines": 5, "excluded_lines": 0, "percent_statements_covered": 58.333333333333336, "percent_statements_covered_display": "58"}, "missing_lines": [13, 18, 19, 20, 25], "excluded_lines": [], "start_line": 1}}}}, "totals": {"covered_lines": 1878, "num_statements": 7824, "percent_covered": 24.003067484662576, "percent_covered_display": "24", "missing_lines": 5946, "excluded_lines": 15, "percent_statements_covered": 24.003067484662576, "percent_statements_covered_display": "24"}}